  [1m[35m (0.8ms)[0m  [1m[35mDROP DATABASE IF EXISTS "theUltimateDecision_development"[0m
  ↳ bin/rails:4
  [1m[35m (0.2ms)[0m  [1m[35mDROP DATABASE IF EXISTS "theUltimateDecision_test"[0m
  ↳ bin/rails:4
  [1m[35m (223.8ms)[0m  [1m[35mCREATE DATABASE "theUltimateDecision_development" ENCODING = 'unicode'[0m
  ↳ bin/rails:4
  [1m[35m (50.1ms)[0m  [1m[35mCREATE DATABASE "theUltimateDecision_test" ENCODING = 'unicode'[0m
  ↳ bin/rails:4
  [1m[35m (8.7ms)[0m  [1m[35mCREATE TABLE "schema_migrations" ("version" character varying NOT NULL PRIMARY KEY)[0m
  ↳ bin/rails:4
  [1m[35m (3.5ms)[0m  [1m[35mCREATE TABLE "ar_internal_metadata" ("key" character varying NOT NULL PRIMARY KEY, "value" character varying, "created_at" timestamp NOT NULL, "updated_at" timestamp NOT NULL)[0m
  ↳ bin/rails:4
  [1m[35m (0.3ms)[0m  [1m[34mSELECT pg_try_advisory_lock(4248615402513955410)[0m
  ↳ bin/rails:4
  [1m[35m (0.5ms)[0m  [1m[34mSELECT "schema_migrations"."version" FROM "schema_migrations" ORDER BY "schema_migrations"."version" ASC[0m
  ↳ bin/rails:4
  [1m[36mActiveRecord::InternalMetadata Load (0.3ms)[0m  [1m[34mSELECT  "ar_internal_metadata".* FROM "ar_internal_metadata" WHERE "ar_internal_metadata"."key" = $1 LIMIT $2[0m  [["key", "environment"], ["LIMIT", 1]]
  ↳ bin/rails:4
  [1m[35m (0.1ms)[0m  [1m[35mBEGIN[0m
  ↳ bin/rails:4
  [1m[36mActiveRecord::InternalMetadata Create (1.4ms)[0m  [1m[32mINSERT INTO "ar_internal_metadata" ("key", "value", "created_at", "updated_at") VALUES ($1, $2, $3, $4) RETURNING "key"[0m  [["key", "environment"], ["value", "development"], ["created_at", "2020-01-12 23:16:27.890427"], ["updated_at", "2020-01-12 23:16:27.890427"]]
  ↳ bin/rails:4
  [1m[35m (0.5ms)[0m  [1m[35mCOMMIT[0m
  ↳ bin/rails:4
  [1m[35m (0.3ms)[0m  [1m[34mSELECT pg_advisory_unlock(4248615402513955410)[0m
  ↳ bin/rails:4
  [1m[35m (0.2ms)[0m  [1m[34mSELECT "schema_migrations"."version" FROM "schema_migrations" ORDER BY "schema_migrations"."version" ASC[0m
  ↳ bin/rails:4
  [1m[35m (0.7ms)[0m  [1m[34mSELECT "schema_migrations"."version" FROM "schema_migrations" ORDER BY "schema_migrations"."version" ASC[0m
  ↳ bin/rails:4
  [1m[35m (0.5ms)[0m  [1m[35mCREATE DATABASE "theUltimateDecision_development" ENCODING = 'unicode'[0m
  ↳ bin/rails:4
  [1m[35m (0.5ms)[0m  [1m[35mCREATE DATABASE "theUltimateDecision_test" ENCODING = 'unicode'[0m
  ↳ bin/rails:4
  [1m[35m (0.2ms)[0m  [1m[34mSELECT pg_try_advisory_lock(4248615402513955410)[0m
  ↳ bin/rails:4
  [1m[35m (0.7ms)[0m  [1m[34mSELECT "schema_migrations"."version" FROM "schema_migrations" ORDER BY "schema_migrations"."version" ASC[0m
  ↳ bin/rails:4
Migrating to CreateRestaurants (20200112232200)
  [1m[35m (0.2ms)[0m  [1m[35mBEGIN[0m
  ↳ bin/rails:4
  [1m[35m (7.9ms)[0m  [1m[35mCREATE TABLE "restaurants" ("id" bigserial primary key, "name" character varying, "price" character varying, "cuisine" character varying, "location" character varying, "photo" text)[0m
  ↳ db/migrate/20200112232200_create_restaurants.rb:3
  [1m[36mActiveRecord::SchemaMigration Create (0.4ms)[0m  [1m[32mINSERT INTO "schema_migrations" ("version") VALUES ($1) RETURNING "version"[0m  [["version", "20200112232200"]]
  ↳ bin/rails:4
  [1m[35m (0.5ms)[0m  [1m[35mCOMMIT[0m
  ↳ bin/rails:4
  [1m[36mActiveRecord::InternalMetadata Load (0.5ms)[0m  [1m[34mSELECT  "ar_internal_metadata".* FROM "ar_internal_metadata" WHERE "ar_internal_metadata"."key" = $1 LIMIT $2[0m  [["key", "environment"], ["LIMIT", 1]]
  ↳ bin/rails:4
  [1m[35m (0.1ms)[0m  [1m[35mBEGIN[0m
  ↳ bin/rails:4
  [1m[35m (0.1ms)[0m  [1m[35mCOMMIT[0m
  ↳ bin/rails:4
  [1m[35m (0.2ms)[0m  [1m[34mSELECT pg_advisory_unlock(4248615402513955410)[0m
  ↳ bin/rails:4
  [1m[35m (0.2ms)[0m  [1m[34mSELECT "schema_migrations"."version" FROM "schema_migrations" ORDER BY "schema_migrations"."version" ASC[0m
  ↳ bin/rails:4
  [1m[35m (0.8ms)[0m  [1m[34mSELECT "schema_migrations"."version" FROM "schema_migrations" ORDER BY "schema_migrations"."version" ASC[0m
  ↳ bin/rails:4
  [1m[35m (0.9ms)[0m  [1m[34mSELECT "schema_migrations"."version" FROM "schema_migrations" ORDER BY "schema_migrations"."version" ASC[0m
  ↳ bin/rails:4
  [1m[35m (0.1ms)[0m  [1m[35mBEGIN[0m
  ↳ db/seeds.rb:9
  [1m[36mRestaurant Create (2.8ms)[0m  [1m[32mINSERT INTO "restaurants" ("name", "price", "cuisine", "location", "photo") VALUES ($1, $2, $3, $4, $5) RETURNING "id"[0m  [["name", "Outback Steakhouse"], ["price", "Medium"], ["cuisine", "American"], ["location", "Strathfield"], ["photo", "fillmurray.com/300/300"]]
  ↳ db/seeds.rb:9
  [1m[35m (0.4ms)[0m  [1m[35mCOMMIT[0m
  ↳ db/seeds.rb:9
  [1m[36mRestaurant Load (0.4ms)[0m  [1m[34mSELECT  "restaurants".* FROM "restaurants" ORDER BY "restaurants"."id" ASC LIMIT $1[0m  [["LIMIT", 1]]
  [1m[35m (0.8ms)[0m  [1m[34mSELECT "schema_migrations"."version" FROM "schema_migrations" ORDER BY "schema_migrations"."version" ASC[0m
  ↳ bin/rails:4
  [1m[35m (0.2ms)[0m  [1m[35mBEGIN[0m
  ↳ db/seeds.rb:9
  [1m[36mRestaurant Create (0.8ms)[0m  [1m[32mINSERT INTO "restaurants" ("name", "price", "cuisine", "location", "photo") VALUES ($1, $2, $3, $4, $5) RETURNING "id"[0m  [["name", "Outback Steakhouse"], ["price", "Medium"], ["cuisine", "American"], ["location", "Strathfield"], ["photo", "fillmurray.com/300/300"]]
  ↳ db/seeds.rb:9
  [1m[35m (0.5ms)[0m  [1m[35mCOMMIT[0m
  ↳ db/seeds.rb:9
  [1m[35m (0.1ms)[0m  [1m[35mBEGIN[0m
  ↳ db/seeds.rb:11
  [1m[36mRestaurant Create (0.6ms)[0m  [1m[32mINSERT INTO "restaurants" ("name", "price", "cuisine", "location", "photo") VALUES ($1, $2, $3, $4, $5) RETURNING "id"[0m  [["name", "Hooters"], ["price", "Medium"], ["cuisine", "American"], ["location", "Penrith"], ["photo", "fillmurray.com/300/300"]]
  ↳ db/seeds.rb:11
  [1m[35m (0.4ms)[0m  [1m[35mCOMMIT[0m
  ↳ db/seeds.rb:11
  [1m[35m (0.1ms)[0m  [1m[35mBEGIN[0m
  ↳ db/seeds.rb:13
  [1m[36mRestaurant Create (0.3ms)[0m  [1m[32mINSERT INTO "restaurants" ("name", "price", "cuisine", "location", "photo") VALUES ($1, $2, $3, $4, $5) RETURNING "id"[0m  [["name", "Hogs Breath Cafe"], ["price", "Medium"], ["cuisine", "American"], ["location", "Terrigal"], ["photo", "fillmurray.com/300/300"]]
  ↳ db/seeds.rb:13
  [1m[35m (0.3ms)[0m  [1m[35mCOMMIT[0m
  ↳ db/seeds.rb:13
  [1m[35m (0.1ms)[0m  [1m[35mBEGIN[0m
  ↳ db/seeds.rb:15
  [1m[36mRestaurant Create (0.4ms)[0m  [1m[32mINSERT INTO "restaurants" ("name", "price", "cuisine", "location", "photo") VALUES ($1, $2, $3, $4, $5) RETURNING "id"[0m  [["name", "TGIF"], ["price", "Medium"], ["cuisine", "American"], ["location", "Macquarie"], ["photo", "fillmurray.com/300/300"]]
  ↳ db/seeds.rb:15
  [1m[35m (0.3ms)[0m  [1m[35mCOMMIT[0m
  ↳ db/seeds.rb:15
  [1m[35m (0.1ms)[0m  [1m[35mBEGIN[0m
  ↳ db/seeds.rb:17
  [1m[36mRestaurant Create (0.3ms)[0m  [1m[32mINSERT INTO "restaurants" ("name", "price", "cuisine", "location", "photo") VALUES ($1, $2, $3, $4, $5) RETURNING "id"[0m  [["name", "Sedici"], ["price", "Medium"], ["cuisine", "Italian"], ["location", "Oakhill"], ["photo", "fillmurray.com/300/300"]]
  ↳ db/seeds.rb:17
  [1m[35m (0.3ms)[0m  [1m[35mCOMMIT[0m
  ↳ db/seeds.rb:17
  [1m[35m (0.2ms)[0m  [1m[35mBEGIN[0m
  ↳ db/seeds.rb:19
  [1m[36mRestaurant Create (0.3ms)[0m  [1m[32mINSERT INTO "restaurants" ("name", "price", "cuisine", "location", "photo") VALUES ($1, $2, $3, $4, $5) RETURNING "id"[0m  [["name", "Bivianos"], ["price", "Expensive"], ["cuisine", "Italian"], ["location", "Dural"], ["photo", "fillmurray.com/300/300"]]
  ↳ db/seeds.rb:19
  [1m[35m (0.3ms)[0m  [1m[35mCOMMIT[0m
  ↳ db/seeds.rb:19
  [1m[35m (0.1ms)[0m  [1m[35mBEGIN[0m
  ↳ db/seeds.rb:21
  [1m[36mRestaurant Create (0.3ms)[0m  [1m[32mINSERT INTO "restaurants" ("name", "price", "cuisine", "location", "photo") VALUES ($1, $2, $3, $4, $5) RETURNING "id"[0m  [["name", "Rick's Pizzeria"], ["price", "Cheap"], ["cuisine", "Italian"], ["location", "Norwest"], ["photo", "fillmurray.com/300/300"]]
  ↳ db/seeds.rb:21
  [1m[35m (0.4ms)[0m  [1m[35mCOMMIT[0m
  ↳ db/seeds.rb:21
  [1m[35m (0.1ms)[0m  [1m[35mBEGIN[0m
  ↳ db/seeds.rb:23
  [1m[36mRestaurant Create (0.3ms)[0m  [1m[32mINSERT INTO "restaurants" ("name", "price", "cuisine", "location", "photo") VALUES ($1, $2, $3, $4, $5) RETURNING "id"[0m  [["name", "Entrata"], ["price", "Expensive"], ["cuisine", "Italian"], ["location", "Glenhaven"], ["photo", "fillmurray.com/300/300"]]
  ↳ db/seeds.rb:23
  [1m[35m (0.3ms)[0m  [1m[35mCOMMIT[0m
  ↳ db/seeds.rb:23
  [1m[35m (0.1ms)[0m  [1m[35mBEGIN[0m
  ↳ db/seeds.rb:25
  [1m[36mRestaurant Create (0.3ms)[0m  [1m[32mINSERT INTO "restaurants" ("name", "price", "cuisine", "location", "photo") VALUES ($1, $2, $3, $4, $5) RETURNING "id"[0m  [["name", "La Caretta"], ["price", "Cheap"], ["cuisine", "Italian"], ["location", "West Pennant Hills"], ["photo", "fillmurray.com/300/300"]]
  ↳ db/seeds.rb:25
  [1m[35m (0.4ms)[0m  [1m[35mCOMMIT[0m
  ↳ db/seeds.rb:25
  [1m[35m (0.1ms)[0m  [1m[35mBEGIN[0m
  ↳ db/seeds.rb:27
  [1m[36mRestaurant Create (0.3ms)[0m  [1m[32mINSERT INTO "restaurants" ("name", "price", "cuisine", "location", "photo") VALUES ($1, $2, $3, $4, $5) RETURNING "id"[0m  [["name", "Castle Terrace Chinese"], ["price", "Medium"], ["cuisine", "Chinese"], ["location", "Castle Hill"], ["photo", "fillmurray.com/300/300"]]
  ↳ db/seeds.rb:27
  [1m[35m (0.4ms)[0m  [1m[35mCOMMIT[0m
  ↳ db/seeds.rb:27
  [1m[35m (0.1ms)[0m  [1m[35mBEGIN[0m
  ↳ db/seeds.rb:29
  [1m[36mRestaurant Create (0.3ms)[0m  [1m[32mINSERT INTO "restaurants" ("name", "price", "cuisine", "location", "photo") VALUES ($1, $2, $3, $4, $5) RETURNING "id"[0m  [["name", "Eastern City Chinese"], ["price", "Cheap"], ["cuisine", "Chinese"], ["location", "Pennant Hills"], ["photo", "fillmurray.com/300/300"]]
  ↳ db/seeds.rb:29
  [1m[35m (0.4ms)[0m  [1m[35mCOMMIT[0m
  ↳ db/seeds.rb:29
  [1m[35m (0.1ms)[0m  [1m[35mBEGIN[0m
  ↳ db/seeds.rb:31
  [1m[36mRestaurant Create (0.3ms)[0m  [1m[32mINSERT INTO "restaurants" ("name", "price", "cuisine", "location", "photo") VALUES ($1, $2, $3, $4, $5) RETURNING "id"[0m  [["name", "Phoenix"], ["price", "Expensive"], ["cuisine", "Chinese"], ["location", "Parramatta"], ["photo", "fillmurray.com/300/300"]]
  ↳ db/seeds.rb:31
  [1m[35m (0.4ms)[0m  [1m[35mCOMMIT[0m
  ↳ db/seeds.rb:31
  [1m[35m (0.1ms)[0m  [1m[35mBEGIN[0m
  ↳ db/seeds.rb:33
  [1m[36mRestaurant Create (0.3ms)[0m  [1m[32mINSERT INTO "restaurants" ("name", "price", "cuisine", "location", "photo") VALUES ($1, $2, $3, $4, $5) RETURNING "id"[0m  [["name", "Grand Lotus"], ["price", "Expensive"], ["cuisine", "Chinese"], ["location", "Rouse Hill"], ["photo", "fillmurray.com/300/300"]]
  ↳ db/seeds.rb:33
  [1m[35m (0.4ms)[0m  [1m[35mCOMMIT[0m
  ↳ db/seeds.rb:33
  [1m[35m (0.1ms)[0m  [1m[35mBEGIN[0m
  ↳ db/seeds.rb:35
  [1m[36mRestaurant Create (0.3ms)[0m  [1m[32mINSERT INTO "restaurants" ("name", "price", "cuisine", "location", "photo") VALUES ($1, $2, $3, $4, $5) RETURNING "id"[0m  [["name", "Makimoto"], ["price", "Medium"], ["cuisine", "Japanese"], ["location", "Kellyville"], ["photo", "fillmurray.com/300/300"]]
  ↳ db/seeds.rb:35
  [1m[35m (0.4ms)[0m  [1m[35mCOMMIT[0m
  ↳ db/seeds.rb:35
  [1m[35m (0.1ms)[0m  [1m[35mBEGIN[0m
  ↳ db/seeds.rb:37
  [1m[36mRestaurant Create (0.2ms)[0m  [1m[32mINSERT INTO "restaurants" ("name", "price", "cuisine", "location", "photo") VALUES ($1, $2, $3, $4, $5) RETURNING "id"[0m  [["name", "Kamado"], ["price", "Expensive"], ["cuisine", "Japanese"], ["location", "Cherrybrook"], ["photo", "fillmurray.com/300/300"]]
  ↳ db/seeds.rb:37
  [1m[35m (0.4ms)[0m  [1m[35mCOMMIT[0m
  ↳ db/seeds.rb:37
  [1m[35m (0.1ms)[0m  [1m[35mBEGIN[0m
  ↳ db/seeds.rb:39
  [1m[36mRestaurant Create (0.2ms)[0m  [1m[32mINSERT INTO "restaurants" ("name", "price", "cuisine", "location", "photo") VALUES ($1, $2, $3, $4, $5) RETURNING "id"[0m  [["name", "Wonder Sushi"], ["price", "Cheap"], ["cuisine", "Japanese"], ["location", "The Ponds"], ["photo", "fillmurray.com/300/300"]]
  ↳ db/seeds.rb:39
  [1m[35m (0.4ms)[0m  [1m[35mCOMMIT[0m
  ↳ db/seeds.rb:39
  [1m[35m (0.1ms)[0m  [1m[35mBEGIN[0m
  ↳ db/seeds.rb:41
  [1m[36mRestaurant Create (0.3ms)[0m  [1m[32mINSERT INTO "restaurants" ("name", "price", "cuisine", "location", "photo") VALUES ($1, $2, $3, $4, $5) RETURNING "id"[0m  [["name", "Sushi Musa"], ["price", "Cheap"], ["cuisine", "Japanese"], ["location", "Rouse Hill"], ["photo", "fillmurray.com/300/300"]]
  ↳ db/seeds.rb:41
  [1m[35m (0.3ms)[0m  [1m[35mCOMMIT[0m
  ↳ db/seeds.rb:41
  [1m[35m (0.1ms)[0m  [1m[35mBEGIN[0m
  ↳ db/seeds.rb:43
  [1m[36mRestaurant Create (0.3ms)[0m  [1m[32mINSERT INTO "restaurants" ("name", "price", "cuisine", "location", "photo") VALUES ($1, $2, $3, $4, $5) RETURNING "id"[0m  [["name", "Guyzman Y Gomez"], ["price", "Cheap"], ["cuisine", "Mexican"], ["location", "Wetherill Park"], ["photo", "fillmurray.com/300/300"]]
  ↳ db/seeds.rb:43
  [1m[35m (0.4ms)[0m  [1m[35mCOMMIT[0m
  ↳ db/seeds.rb:43
  [1m[35m (0.1ms)[0m  [1m[35mBEGIN[0m
  ↳ db/seeds.rb:45
  [1m[36mRestaurant Create (0.2ms)[0m  [1m[32mINSERT INTO "restaurants" ("name", "price", "cuisine", "location", "photo") VALUES ($1, $2, $3, $4, $5) RETURNING "id"[0m  [["name", "Mad Mex"], ["price", "Cheap"], ["cuisine", "Mexican"], ["location", "North Ryde"], ["photo", "fillmurray.com/300/300"]]
  ↳ db/seeds.rb:45
  [1m[35m (0.3ms)[0m  [1m[35mCOMMIT[0m
  ↳ db/seeds.rb:45
  [1m[35m (0.1ms)[0m  [1m[35mBEGIN[0m
  ↳ db/seeds.rb:47
  [1m[36mRestaurant Create (0.3ms)[0m  [1m[32mINSERT INTO "restaurants" ("name", "price", "cuisine", "location", "photo") VALUES ($1, $2, $3, $4, $5) RETURNING "id"[0m  [["name", "El Camino Cantina"], ["price", "Expensive"], ["cuisine", "Mexican"], ["location", "The Rocks"], ["photo", "fillmurray.com/300/300"]]
  ↳ db/seeds.rb:47
  [1m[35m (0.4ms)[0m  [1m[35mCOMMIT[0m
  ↳ db/seeds.rb:47
  [1m[35m (0.1ms)[0m  [1m[35mBEGIN[0m
  ↳ db/seeds.rb:49
  [1m[36mRestaurant Create (0.2ms)[0m  [1m[32mINSERT INTO "restaurants" ("name", "price", "cuisine", "location", "photo") VALUES ($1, $2, $3, $4, $5) RETURNING "id"[0m  [["name", "Dos Senoritas"], ["price", "Medium"], ["cuisine", "Mexican"], ["location", "Crow's Nest"], ["photo", "fillmurray.com/300/300"]]
  ↳ db/seeds.rb:49
  [1m[35m (0.4ms)[0m  [1m[35mCOMMIT[0m
  ↳ db/seeds.rb:49
  [1m[35m (0.1ms)[0m  [1m[35mBEGIN[0m
  ↳ db/seeds.rb:51
  [1m[36mRestaurant Create (0.3ms)[0m  [1m[32mINSERT INTO "restaurants" ("name", "price", "cuisine", "location", "photo") VALUES ($1, $2, $3, $4, $5) RETURNING "id"[0m  [["name", "Castle Taj"], ["price", "Medium"], ["cuisine", "Indian"], ["location", "Castle Hill"], ["photo", "fillmurray.com/300/300"]]
  ↳ db/seeds.rb:51
  [1m[35m (0.4ms)[0m  [1m[35mCOMMIT[0m
  ↳ db/seeds.rb:51
  [1m[35m (0.1ms)[0m  [1m[35mBEGIN[0m
  ↳ db/seeds.rb:53
  [1m[36mRestaurant Create (0.2ms)[0m  [1m[32mINSERT INTO "restaurants" ("name", "price", "cuisine", "location", "photo") VALUES ($1, $2, $3, $4, $5) RETURNING "id"[0m  [["name", "Kashi"], ["price", "Cheap"], ["cuisine", "Indian"], ["location", "Annangrove"], ["photo", "fillmurray.com/300/300"]]
  ↳ db/seeds.rb:53
  [1m[35m (0.4ms)[0m  [1m[35mCOMMIT[0m
  ↳ db/seeds.rb:53
  [1m[35m (0.1ms)[0m  [1m[35mBEGIN[0m
  ↳ db/seeds.rb:55
  [1m[36mRestaurant Create (0.2ms)[0m  [1m[32mINSERT INTO "restaurants" ("name", "price", "cuisine", "location", "photo") VALUES ($1, $2, $3, $4, $5) RETURNING "id"[0m  [["name", "Andaz"], ["price", "Medium"], ["cuisine", "Indian"], ["location", "Castle Hill"], ["photo", "fillmurray.com/300/300"]]
  ↳ db/seeds.rb:55
  [1m[35m (0.4ms)[0m  [1m[35mCOMMIT[0m
  ↳ db/seeds.rb:55
  [1m[35m (0.1ms)[0m  [1m[35mBEGIN[0m
  ↳ db/seeds.rb:57
  [1m[36mRestaurant Create (0.2ms)[0m  [1m[32mINSERT INTO "restaurants" ("name", "price", "cuisine", "location", "photo") VALUES ($1, $2, $3, $4, $5) RETURNING "id"[0m  [["name", "Maharaja's Lakeside"], ["price", "Expensive"], ["cuisine", "Indian"], ["location", "Norwest"], ["photo", "fillmurray.com/300/300"]]
  ↳ db/seeds.rb:57
  [1m[35m (0.3ms)[0m  [1m[35mCOMMIT[0m
  ↳ db/seeds.rb:57
  [1m[35m (0.1ms)[0m  [1m[35mBEGIN[0m
  ↳ db/seeds.rb:59
  [1m[36mRestaurant Create (0.2ms)[0m  [1m[32mINSERT INTO "restaurants" ("name", "price", "cuisine", "location", "photo") VALUES ($1, $2, $3, $4, $5) RETURNING "id"[0m  [["name", "The Burrow"], ["price", "Medium"], ["cuisine", "Cafe"], ["location", "Cherrybrook"], ["photo", "fillmurray.com/300/300"]]
  ↳ db/seeds.rb:59
  [1m[35m (0.4ms)[0m  [1m[35mCOMMIT[0m
  ↳ db/seeds.rb:59
  [1m[35m (0.1ms)[0m  [1m[35mBEGIN[0m
  ↳ db/seeds.rb:61
  [1m[36mRestaurant Create (0.3ms)[0m  [1m[32mINSERT INTO "restaurants" ("name", "price", "cuisine", "location", "photo") VALUES ($1, $2, $3, $4, $5) RETURNING "id"[0m  [["name", "Tuck Shop"], ["price", "Cheap"], ["cuisine", "Cafe"], ["location", "Glenhaven"], ["photo", "fillmurray.com/300/300"]]
  ↳ db/seeds.rb:61
  [1m[35m (0.4ms)[0m  [1m[35mCOMMIT[0m
  ↳ db/seeds.rb:61
  [1m[35m (0.1ms)[0m  [1m[35mBEGIN[0m
  ↳ db/seeds.rb:63
  [1m[36mRestaurant Create (0.3ms)[0m  [1m[32mINSERT INTO "restaurants" ("name", "price", "cuisine", "location", "photo") VALUES ($1, $2, $3, $4, $5) RETURNING "id"[0m  [["name", "Frankie's Food Factory"], ["price", "Medium"], ["cuisine", "Cafe"], ["location", "Glenhaven"], ["photo", "fillmurray.com/300/300"]]
  ↳ db/seeds.rb:63
  [1m[35m (0.3ms)[0m  [1m[35mCOMMIT[0m
  ↳ db/seeds.rb:63
  [1m[35m (0.1ms)[0m  [1m[35mBEGIN[0m
  ↳ db/seeds.rb:65
  [1m[36mRestaurant Create (0.3ms)[0m  [1m[32mINSERT INTO "restaurants" ("name", "price", "cuisine", "location", "photo") VALUES ($1, $2, $3, $4, $5) RETURNING "id"[0m  [["name", "Leaf Cafe"], ["price", "Cheap"], ["cuisine", "Cafe"], ["location", "The Ponds"], ["photo", "fillmurray.com/300/300"]]
  ↳ db/seeds.rb:65
  [1m[35m (0.4ms)[0m  [1m[35mCOMMIT[0m
  ↳ db/seeds.rb:65
  [1m[35m (0.1ms)[0m  [1m[35mBEGIN[0m
  ↳ db/seeds.rb:67
  [1m[36mRestaurant Create (0.3ms)[0m  [1m[32mINSERT INTO "restaurants" ("name", "price", "cuisine", "location", "photo") VALUES ($1, $2, $3, $4, $5) RETURNING "id"[0m  [["name", "Enigma"], ["price", "Expensive"], ["cuisine", "Mediterranean"], ["location", "Castle Hill"], ["photo", "fillmurray.com/300/300"]]
  ↳ db/seeds.rb:67
  [1m[35m (0.4ms)[0m  [1m[35mCOMMIT[0m
  ↳ db/seeds.rb:67
  [1m[35m (0.1ms)[0m  [1m[35mBEGIN[0m
  ↳ db/seeds.rb:69
  [1m[36mRestaurant Create (0.4ms)[0m  [1m[32mINSERT INTO "restaurants" ("name", "price", "cuisine", "location", "photo") VALUES ($1, $2, $3, $4, $5) RETURNING "id"[0m  [["name", "Zeko"], ["price", "Medium"], ["cuisine", "Mediterranean"], ["location", "Seven Hills"], ["photo", "fillmurray.com/300/300"]]
  ↳ db/seeds.rb:69
  [1m[35m (0.4ms)[0m  [1m[35mCOMMIT[0m
  ↳ db/seeds.rb:69
  [1m[35m (0.1ms)[0m  [1m[35mBEGIN[0m
  ↳ db/seeds.rb:71
  [1m[36mRestaurant Create (0.3ms)[0m  [1m[32mINSERT INTO "restaurants" ("name", "price", "cuisine", "location", "photo") VALUES ($1, $2, $3, $4, $5) RETURNING "id"[0m  [["name", "Lusso Tapas"], ["price", "Medium"], ["cuisine", "Mediterranean"], ["location", "Rouse Hill"], ["photo", "fillmurray.com/300/300"]]
  ↳ db/seeds.rb:71
  [1m[35m (0.4ms)[0m  [1m[35mCOMMIT[0m
  ↳ db/seeds.rb:71
  [1m[35m (0.1ms)[0m  [1m[35mBEGIN[0m
  ↳ db/seeds.rb:73
  [1m[36mRestaurant Create (0.3ms)[0m  [1m[32mINSERT INTO "restaurants" ("name", "price", "cuisine", "location", "photo") VALUES ($1, $2, $3, $4, $5) RETURNING "id"[0m  [["name", "Lezzette"], ["price", "Medium"], ["cuisine", "Mediterranean"], ["location", "Kellyville"], ["photo", "fillmurray.com/300/300"]]
  ↳ db/seeds.rb:73
  [1m[35m (0.3ms)[0m  [1m[35mCOMMIT[0m
  ↳ db/seeds.rb:73
  [1m[35m (0.1ms)[0m  [1m[35mBEGIN[0m
  ↳ db/seeds.rb:75
  [1m[36mRestaurant Create (0.3ms)[0m  [1m[32mINSERT INTO "restaurants" ("name", "price", "cuisine", "location", "photo") VALUES ($1, $2, $3, $4, $5) RETURNING "id"[0m  [["name", "Sahra By the River"], ["price", "Expensive"], ["cuisine", "Middle Eastern"], ["location", "Parramatta"], ["photo", "fillmurray.com/300/300"]]
  ↳ db/seeds.rb:75
  [1m[35m (0.5ms)[0m  [1m[35mCOMMIT[0m
  ↳ db/seeds.rb:75
  [1m[35m (0.2ms)[0m  [1m[35mBEGIN[0m
  ↳ db/seeds.rb:77
  [1m[36mRestaurant Create (0.4ms)[0m  [1m[32mINSERT INTO "restaurants" ("name", "price", "cuisine", "location", "photo") VALUES ($1, $2, $3, $4, $5) RETURNING "id"[0m  [["name", "Baba Ghanouj"], ["price", "Medium"], ["cuisine", "Middle Eastern"], ["location", "Dural"], ["photo", "fillmurray.com/300/300"]]
  ↳ db/seeds.rb:77
  [1m[35m (0.4ms)[0m  [1m[35mCOMMIT[0m
  ↳ db/seeds.rb:77
  [1m[35m (0.1ms)[0m  [1m[35mBEGIN[0m
  ↳ db/seeds.rb:79
  [1m[36mRestaurant Create (0.4ms)[0m  [1m[32mINSERT INTO "restaurants" ("name", "price", "cuisine", "location", "photo") VALUES ($1, $2, $3, $4, $5) RETURNING "id"[0m  [["name", "El-Phoenician"], ["price", "Medium"], ["cuisine", "Middle Eastern"], ["location", "Parramatta"], ["photo", "fillmurray.com/300/300"]]
  ↳ db/seeds.rb:79
  [1m[35m (0.5ms)[0m  [1m[35mCOMMIT[0m
  ↳ db/seeds.rb:79
  [1m[35m (0.2ms)[0m  [1m[35mBEGIN[0m
  ↳ db/seeds.rb:81
  [1m[36mRestaurant Create (0.4ms)[0m  [1m[32mINSERT INTO "restaurants" ("name", "price", "cuisine", "location", "photo") VALUES ($1, $2, $3, $4, $5) RETURNING "id"[0m  [["name", "Sahara Grill"], ["price", "Cheap"], ["cuisine", "Middle Eastern"], ["location", "The Ponds"], ["photo", "fillmurray.com/300/300"]]
  ↳ db/seeds.rb:81
  [1m[35m (0.4ms)[0m  [1m[35mCOMMIT[0m
  ↳ db/seeds.rb:81
  [1m[35m (0.1ms)[0m  [1m[35mBEGIN[0m
  ↳ db/seeds.rb:83
  [1m[36mRestaurant Create (0.3ms)[0m  [1m[32mINSERT INTO "restaurants" ("name", "price", "cuisine", "location", "photo") VALUES ($1, $2, $3, $4, $5) RETURNING "id"[0m  [["name", "Lil Cilantro"], ["price", "Cheap"], ["cuisine", "Vietnamese"], ["location", "Cherrybrook"], ["photo", "fillmurray.com/300/300"]]
  ↳ db/seeds.rb:83
  [1m[35m (0.5ms)[0m  [1m[35mCOMMIT[0m
  ↳ db/seeds.rb:83
  [1m[35m (0.1ms)[0m  [1m[35mBEGIN[0m
  ↳ db/seeds.rb:85
  [1m[36mRestaurant Create (0.3ms)[0m  [1m[32mINSERT INTO "restaurants" ("name", "price", "cuisine", "location", "photo") VALUES ($1, $2, $3, $4, $5) RETURNING "id"[0m  [["name", "Roll'd"], ["price", "Cheap"], ["cuisine", "Vietnamese"], ["location", "North Ryde"], ["photo", "fillmurray.com/300/300"]]
  ↳ db/seeds.rb:85
  [1m[35m (0.4ms)[0m  [1m[35mCOMMIT[0m
  ↳ db/seeds.rb:85
  [1m[35m (0.1ms)[0m  [1m[35mBEGIN[0m
  ↳ db/seeds.rb:87
  [1m[36mRestaurant Create (0.4ms)[0m  [1m[32mINSERT INTO "restaurants" ("name", "price", "cuisine", "location", "photo") VALUES ($1, $2, $3, $4, $5) RETURNING "id"[0m  [["name", "District 1"], ["price", "Medium"], ["cuisine", "Vietnamese"], ["location", "Macquarie"], ["photo", "fillmurray.com/300/300"]]
  ↳ db/seeds.rb:87
  [1m[35m (0.3ms)[0m  [1m[35mCOMMIT[0m
  ↳ db/seeds.rb:87
  [1m[35m (0.1ms)[0m  [1m[35mBEGIN[0m
  ↳ db/seeds.rb:89
  [1m[36mRestaurant Create (0.3ms)[0m  [1m[32mINSERT INTO "restaurants" ("name", "price", "cuisine", "location", "photo") VALUES ($1, $2, $3, $4, $5) RETURNING "id"[0m  [["name", "Saigon Phoever"], ["price", "Cheap"], ["cuisine", "Vietnamese"], ["location", "Castle Hill"], ["photo", "fillmurray.com/300/300"]]
  ↳ db/seeds.rb:89
  [1m[35m (0.3ms)[0m  [1m[35mCOMMIT[0m
  ↳ db/seeds.rb:89
  [1m[35m (0.1ms)[0m  [1m[35mBEGIN[0m
  ↳ db/seeds.rb:91
  [1m[36mRestaurant Create (0.3ms)[0m  [1m[32mINSERT INTO "restaurants" ("name", "price", "cuisine", "location", "photo") VALUES ($1, $2, $3, $4, $5) RETURNING "id"[0m  [["name", "Se Jong"], ["price", "Cheap"], ["cuisine", "Korean BBQ"], ["location", "Carlingford"], ["photo", "fillmurray.com/300/300"]]
  ↳ db/seeds.rb:91
  [1m[35m (0.4ms)[0m  [1m[35mCOMMIT[0m
  ↳ db/seeds.rb:91
  [1m[35m (0.1ms)[0m  [1m[35mBEGIN[0m
  ↳ db/seeds.rb:93
  [1m[36mRestaurant Create (0.3ms)[0m  [1m[32mINSERT INTO "restaurants" ("name", "price", "cuisine", "location", "photo") VALUES ($1, $2, $3, $4, $5) RETURNING "id"[0m  [["name", "Biwon"], ["price", "Expensive"], ["cuisine", "Korean BBQ"], ["location", "Hornsby"], ["photo", "fillmurray.com/300/300"]]
  ↳ db/seeds.rb:93
  [1m[35m (0.4ms)[0m  [1m[35mCOMMIT[0m
  ↳ db/seeds.rb:93
  [1m[35m (0.1ms)[0m  [1m[35mBEGIN[0m
  ↳ db/seeds.rb:95
  [1m[36mRestaurant Create (1.0ms)[0m  [1m[32mINSERT INTO "restaurants" ("name", "price", "cuisine", "location", "photo") VALUES ($1, $2, $3, $4, $5) RETURNING "id"[0m  [["name", "Dae Ga"], ["price", "Medium"], ["cuisine", "Korean BBQ"], ["location", "Parramatta"], ["photo", "fillmurray.com/300/300"]]
  ↳ db/seeds.rb:95
  [1m[35m (0.4ms)[0m  [1m[35mCOMMIT[0m
  ↳ db/seeds.rb:95
  [1m[35m (0.1ms)[0m  [1m[35mBEGIN[0m
  ↳ db/seeds.rb:97
  [1m[36mRestaurant Create (0.3ms)[0m  [1m[32mINSERT INTO "restaurants" ("name", "price", "cuisine", "location", "photo") VALUES ($1, $2, $3, $4, $5) RETURNING "id"[0m  [["name", "Sariwon"], ["price", "Medium"], ["cuisine", "Korean BBQ"], ["location", "Parramatta"], ["photo", "fillmurray.com/300/300"]]
  ↳ db/seeds.rb:97
  [1m[35m (0.3ms)[0m  [1m[35mCOMMIT[0m
  ↳ db/seeds.rb:97
  [1m[35m (0.1ms)[0m  [1m[35mBEGIN[0m
  ↳ db/seeds.rb:99
  [1m[36mRestaurant Create (0.3ms)[0m  [1m[32mINSERT INTO "restaurants" ("name", "price", "cuisine", "location", "photo") VALUES ($1, $2, $3, $4, $5) RETURNING "id"[0m  [["name", "Noodle Hut"], ["price", "Medium"], ["cuisine", "Thai"], ["location", "Cherrybrook"], ["photo", "fillmurray.com/300/300"]]
  ↳ db/seeds.rb:99
  [1m[35m (0.3ms)[0m  [1m[35mCOMMIT[0m
  ↳ db/seeds.rb:99
  [1m[35m (0.1ms)[0m  [1m[35mBEGIN[0m
  ↳ db/seeds.rb:101
  [1m[36mRestaurant Create (0.3ms)[0m  [1m[32mINSERT INTO "restaurants" ("name", "price", "cuisine", "location", "photo") VALUES ($1, $2, $3, $4, $5) RETURNING "id"[0m  [["name", "Wok on Inn"], ["price", "Cheap"], ["cuisine", "Thai"], ["location", "Norwest"], ["photo", "fillmurray.com/300/300"]]
  ↳ db/seeds.rb:101
  [1m[35m (0.4ms)[0m  [1m[35mCOMMIT[0m
  ↳ db/seeds.rb:101
  [1m[35m (0.1ms)[0m  [1m[35mBEGIN[0m
  ↳ db/seeds.rb:103
  [1m[36mRestaurant Create (0.3ms)[0m  [1m[32mINSERT INTO "restaurants" ("name", "price", "cuisine", "location", "photo") VALUES ($1, $2, $3, $4, $5) RETURNING "id"[0m  [["name", "Pimam"], ["price", "Medium"], ["cuisine", "Thai"], ["location", "Castle Hill"], ["photo", "fillmurray.com/300/300"]]
  ↳ db/seeds.rb:103
  [1m[35m (0.4ms)[0m  [1m[35mCOMMIT[0m
  ↳ db/seeds.rb:103
  [1m[35m (0.1ms)[0m  [1m[35mBEGIN[0m
  ↳ db/seeds.rb:105
  [1m[36mRestaurant Create (0.3ms)[0m  [1m[32mINSERT INTO "restaurants" ("name", "price", "cuisine", "location", "photo") VALUES ($1, $2, $3, $4, $5) RETURNING "id"[0m  [["name", "Absolute Thai"], ["price", "Medium"], ["cuisine", "Thai"], ["location", "Hornsby"], ["photo", "fillmurray.com/300/300"]]
  ↳ db/seeds.rb:105
  [1m[35m (0.3ms)[0m  [1m[35mCOMMIT[0m
  ↳ db/seeds.rb:105
  [1m[35m (0.1ms)[0m  [1m[35mBEGIN[0m
  ↳ db/seeds.rb:107
  [1m[36mRestaurant Create (0.3ms)[0m  [1m[32mINSERT INTO "restaurants" ("name", "price", "cuisine", "location", "photo") VALUES ($1, $2, $3, $4, $5) RETURNING "id"[0m  [["name", "WPH Sports Club"], ["price", "Cheap"], ["cuisine", "Pub"], ["location", "West Pennant Hills"], ["photo", "fillmurray.com/300/300"]]
  ↳ db/seeds.rb:107
  [1m[35m (0.3ms)[0m  [1m[35mCOMMIT[0m
  ↳ db/seeds.rb:107
  [1m[35m (0.1ms)[0m  [1m[35mBEGIN[0m
  ↳ db/seeds.rb:109
  [1m[36mRestaurant Create (0.3ms)[0m  [1m[32mINSERT INTO "restaurants" ("name", "price", "cuisine", "location", "photo") VALUES ($1, $2, $3, $4, $5) RETURNING "id"[0m  [["name", "Hillside Hotel"], ["price", "Cheap"], ["cuisine", "Pub"], ["location", "Castle Hill"], ["photo", "fillmurray.com/300/300"]]
  ↳ db/seeds.rb:109
  [1m[35m (0.4ms)[0m  [1m[35mCOMMIT[0m
  ↳ db/seeds.rb:109
  [1m[35m (0.1ms)[0m  [1m[35mBEGIN[0m
  ↳ db/seeds.rb:111
  [1m[36mRestaurant Create (0.3ms)[0m  [1m[32mINSERT INTO "restaurants" ("name", "price", "cuisine", "location", "photo") VALUES ($1, $2, $3, $4, $5) RETURNING "id"[0m  [["name", "Fiddler"], ["price", "Medium"], ["cuisine", "Pub"], ["location", "Rouse Hill"], ["photo", "fillmurray.com/300/300"]]
  ↳ db/seeds.rb:111
  [1m[35m (0.4ms)[0m  [1m[35mCOMMIT[0m
  ↳ db/seeds.rb:111
  [1m[35m (0.1ms)[0m  [1m[35mBEGIN[0m
  ↳ db/seeds.rb:113
  [1m[36mRestaurant Create (0.3ms)[0m  [1m[32mINSERT INTO "restaurants" ("name", "price", "cuisine", "location", "photo") VALUES ($1, $2, $3, $4, $5) RETURNING "id"[0m  [["name", "Bella Vista Hotel"], ["price", "Medium"], ["cuisine", "Pub"], ["location", "Bella Vista"], ["photo", "fillmurray.com/300/300"]]
  ↳ db/seeds.rb:113
  [1m[35m (0.4ms)[0m  [1m[35mCOMMIT[0m
  ↳ db/seeds.rb:113
  [1m[35m (0.1ms)[0m  [1m[35mBEGIN[0m
  ↳ db/seeds.rb:115
  [1m[36mRestaurant Create (0.4ms)[0m  [1m[32mINSERT INTO "restaurants" ("name", "price", "cuisine", "location", "photo") VALUES ($1, $2, $3, $4, $5) RETURNING "id"[0m  [["name", "Frangos"], ["price", "Cheap"], ["cuisine", "Portugese"], ["location", "Bella Vista"], ["photo", "fillmurray.com/300/300"]]
  ↳ db/seeds.rb:115
  [1m[35m (0.5ms)[0m  [1m[35mCOMMIT[0m
  ↳ db/seeds.rb:115
  [1m[35m (0.1ms)[0m  [1m[35mBEGIN[0m
  ↳ db/seeds.rb:117
  [1m[36mRestaurant Create (0.3ms)[0m  [1m[32mINSERT INTO "restaurants" ("name", "price", "cuisine", "location", "photo") VALUES ($1, $2, $3, $4, $5) RETURNING "id"[0m  [["name", "Nandos"], ["price", "Cheap"], ["cuisine", "Portugese"], ["location", "Bella Vista"], ["photo", "fillmurray.com/300/300"]]
  ↳ db/seeds.rb:117
  [1m[35m (0.4ms)[0m  [1m[35mCOMMIT[0m
  ↳ db/seeds.rb:117
  [1m[35m (0.7ms)[0m  [1m[34mSELECT pg_try_advisory_lock(4248615402513955410)[0m
  ↳ bin/rails:4
  [1m[35m (0.8ms)[0m  [1m[34mSELECT "schema_migrations"."version" FROM "schema_migrations" ORDER BY "schema_migrations"."version" ASC[0m
  ↳ bin/rails:4
  [1m[36mActiveRecord::InternalMetadata Load (1.2ms)[0m  [1m[34mSELECT  "ar_internal_metadata".* FROM "ar_internal_metadata" WHERE "ar_internal_metadata"."key" = $1 LIMIT $2[0m  [["key", "environment"], ["LIMIT", 1]]
  ↳ bin/rails:4
  [1m[35m (0.1ms)[0m  [1m[35mBEGIN[0m
  ↳ bin/rails:4
  [1m[35m (0.1ms)[0m  [1m[35mCOMMIT[0m
  ↳ bin/rails:4
  [1m[35m (0.2ms)[0m  [1m[34mSELECT pg_advisory_unlock(4248615402513955410)[0m
  ↳ bin/rails:4
  [1m[35m (0.3ms)[0m  [1m[34mSELECT "schema_migrations"."version" FROM "schema_migrations" ORDER BY "schema_migrations"."version" ASC[0m
  ↳ bin/rails:4
  [1m[36mRestaurant Load (0.4ms)[0m  [1m[34mSELECT  "restaurants".* FROM "restaurants" ORDER BY "restaurants"."id" ASC LIMIT $1 OFFSET $2[0m  [["LIMIT", 1], ["OFFSET", 2]]
  [1m[36mRestaurant Load (0.6ms)[0m  [1m[34mSELECT  "restaurants".* FROM "restaurants" WHERE "restaurants"."id" = $1 LIMIT $2[0m  [["id", 5], ["LIMIT", 1]]
  [1m[36mRestaurant Load (0.8ms)[0m  [1m[34mSELECT "restaurants".* FROM "restaurants"[0m
  [1m[35m (0.4ms)[0m  [1m[34mSELECT "restaurants"."name" FROM "restaurants"[0m
Started GET "/" for ::1 at 2020-01-13 17:00:21 +1100
  [1m[35m (1.0ms)[0m  [1m[34mSELECT "schema_migrations"."version" FROM "schema_migrations" ORDER BY "schema_migrations"."version" ASC[0m
  ↳ /Users/kevinosborn/.rvm/gems/ruby-2.4.1/gems/activerecord-5.2.4.1/lib/active_record/log_subscriber.rb:98
Processing by Rails::WelcomeController#index as HTML
  Rendering /Users/kevinosborn/.rvm/gems/ruby-2.4.1/gems/railties-5.2.4.1/lib/rails/templates/rails/welcome/index.html.erb
  Rendered /Users/kevinosborn/.rvm/gems/ruby-2.4.1/gems/railties-5.2.4.1/lib/rails/templates/rails/welcome/index.html.erb (5.1ms)
Completed 200 OK in 21ms (Views: 17.2ms | ActiveRecord: 0.0ms)


Started GET "/home" for ::1 at 2020-01-13 17:00:26 +1100
  
ActionController::RoutingError (No route matches [GET] "/home"):
  
actionpack (5.2.4.1) lib/action_dispatch/middleware/debug_exceptions.rb:65:in `call'
web-console (3.7.0) lib/web_console/middleware.rb:135:in `call_app'
web-console (3.7.0) lib/web_console/middleware.rb:30:in `block in call'
web-console (3.7.0) lib/web_console/middleware.rb:20:in `catch'
web-console (3.7.0) lib/web_console/middleware.rb:20:in `call'
actionpack (5.2.4.1) lib/action_dispatch/middleware/show_exceptions.rb:33:in `call'
railties (5.2.4.1) lib/rails/rack/logger.rb:38:in `call_app'
railties (5.2.4.1) lib/rails/rack/logger.rb:26:in `block in call'
activesupport (5.2.4.1) lib/active_support/tagged_logging.rb:71:in `block in tagged'
activesupport (5.2.4.1) lib/active_support/tagged_logging.rb:28:in `tagged'
activesupport (5.2.4.1) lib/active_support/tagged_logging.rb:71:in `tagged'
railties (5.2.4.1) lib/rails/rack/logger.rb:26:in `call'
sprockets-rails (3.2.1) lib/sprockets/rails/quiet_assets.rb:13:in `call'
actionpack (5.2.4.1) lib/action_dispatch/middleware/remote_ip.rb:81:in `call'
actionpack (5.2.4.1) lib/action_dispatch/middleware/request_id.rb:27:in `call'
rack (2.1.1) lib/rack/method_override.rb:24:in `call'
rack (2.1.1) lib/rack/runtime.rb:24:in `call'
activesupport (5.2.4.1) lib/active_support/cache/strategy/local_cache_middleware.rb:29:in `call'
actionpack (5.2.4.1) lib/action_dispatch/middleware/executor.rb:14:in `call'
actionpack (5.2.4.1) lib/action_dispatch/middleware/static.rb:127:in `call'
rack (2.1.1) lib/rack/sendfile.rb:113:in `call'
railties (5.2.4.1) lib/rails/engine.rb:524:in `call'
puma (3.12.2) lib/puma/configuration.rb:227:in `call'
puma (3.12.2) lib/puma/server.rb:674:in `handle_request'
puma (3.12.2) lib/puma/server.rb:476:in `process_client'
puma (3.12.2) lib/puma/server.rb:334:in `block in run'
puma (3.12.2) lib/puma/thread_pool.rb:135:in `block in spawn_thread'
Started GET "/views" for ::1 at 2020-01-13 17:00:31 +1100
  
ActionController::RoutingError (No route matches [GET] "/views"):
  
actionpack (5.2.4.1) lib/action_dispatch/middleware/debug_exceptions.rb:65:in `call'
web-console (3.7.0) lib/web_console/middleware.rb:135:in `call_app'
web-console (3.7.0) lib/web_console/middleware.rb:30:in `block in call'
web-console (3.7.0) lib/web_console/middleware.rb:20:in `catch'
web-console (3.7.0) lib/web_console/middleware.rb:20:in `call'
actionpack (5.2.4.1) lib/action_dispatch/middleware/show_exceptions.rb:33:in `call'
railties (5.2.4.1) lib/rails/rack/logger.rb:38:in `call_app'
railties (5.2.4.1) lib/rails/rack/logger.rb:26:in `block in call'
activesupport (5.2.4.1) lib/active_support/tagged_logging.rb:71:in `block in tagged'
activesupport (5.2.4.1) lib/active_support/tagged_logging.rb:28:in `tagged'
activesupport (5.2.4.1) lib/active_support/tagged_logging.rb:71:in `tagged'
railties (5.2.4.1) lib/rails/rack/logger.rb:26:in `call'
sprockets-rails (3.2.1) lib/sprockets/rails/quiet_assets.rb:13:in `call'
actionpack (5.2.4.1) lib/action_dispatch/middleware/remote_ip.rb:81:in `call'
actionpack (5.2.4.1) lib/action_dispatch/middleware/request_id.rb:27:in `call'
rack (2.1.1) lib/rack/method_override.rb:24:in `call'
rack (2.1.1) lib/rack/runtime.rb:24:in `call'
activesupport (5.2.4.1) lib/active_support/cache/strategy/local_cache_middleware.rb:29:in `call'
actionpack (5.2.4.1) lib/action_dispatch/middleware/executor.rb:14:in `call'
actionpack (5.2.4.1) lib/action_dispatch/middleware/static.rb:127:in `call'
rack (2.1.1) lib/rack/sendfile.rb:113:in `call'
railties (5.2.4.1) lib/rails/engine.rb:524:in `call'
puma (3.12.2) lib/puma/configuration.rb:227:in `call'
puma (3.12.2) lib/puma/server.rb:674:in `handle_request'
puma (3.12.2) lib/puma/server.rb:476:in `process_client'
puma (3.12.2) lib/puma/server.rb:334:in `block in run'
puma (3.12.2) lib/puma/thread_pool.rb:135:in `block in spawn_thread'
Started GET "/views" for ::1 at 2020-01-13 17:00:35 +1100
  
ActionController::RoutingError (No route matches [GET] "/views"):
  
actionpack (5.2.4.1) lib/action_dispatch/middleware/debug_exceptions.rb:65:in `call'
web-console (3.7.0) lib/web_console/middleware.rb:135:in `call_app'
web-console (3.7.0) lib/web_console/middleware.rb:30:in `block in call'
web-console (3.7.0) lib/web_console/middleware.rb:20:in `catch'
web-console (3.7.0) lib/web_console/middleware.rb:20:in `call'
actionpack (5.2.4.1) lib/action_dispatch/middleware/show_exceptions.rb:33:in `call'
railties (5.2.4.1) lib/rails/rack/logger.rb:38:in `call_app'
railties (5.2.4.1) lib/rails/rack/logger.rb:26:in `block in call'
activesupport (5.2.4.1) lib/active_support/tagged_logging.rb:71:in `block in tagged'
activesupport (5.2.4.1) lib/active_support/tagged_logging.rb:28:in `tagged'
activesupport (5.2.4.1) lib/active_support/tagged_logging.rb:71:in `tagged'
railties (5.2.4.1) lib/rails/rack/logger.rb:26:in `call'
sprockets-rails (3.2.1) lib/sprockets/rails/quiet_assets.rb:13:in `call'
actionpack (5.2.4.1) lib/action_dispatch/middleware/remote_ip.rb:81:in `call'
actionpack (5.2.4.1) lib/action_dispatch/middleware/request_id.rb:27:in `call'
rack (2.1.1) lib/rack/method_override.rb:24:in `call'
rack (2.1.1) lib/rack/runtime.rb:24:in `call'
activesupport (5.2.4.1) lib/active_support/cache/strategy/local_cache_middleware.rb:29:in `call'
actionpack (5.2.4.1) lib/action_dispatch/middleware/executor.rb:14:in `call'
actionpack (5.2.4.1) lib/action_dispatch/middleware/static.rb:127:in `call'
rack (2.1.1) lib/rack/sendfile.rb:113:in `call'
railties (5.2.4.1) lib/rails/engine.rb:524:in `call'
puma (3.12.2) lib/puma/configuration.rb:227:in `call'
puma (3.12.2) lib/puma/server.rb:674:in `handle_request'
puma (3.12.2) lib/puma/server.rb:476:in `process_client'
puma (3.12.2) lib/puma/server.rb:334:in `block in run'
puma (3.12.2) lib/puma/thread_pool.rb:135:in `block in spawn_thread'
Started GET "/restaurants/index" for ::1 at 2020-01-13 17:17:50 +1100
  
SyntaxError (/Users/kevinosborn/Desktop/sei/project/theUltimateDecision/app/controllers/restaurants_controller.rb:48: syntax error, unexpected end-of-input, expecting keyword_end):
  
app/controllers/restaurants_controller.rb:48: syntax error, unexpected end-of-input, expecting keyword_end
Started GET "/restaurants/index" for ::1 at 2020-01-13 17:18:13 +1100
  
SyntaxError (/Users/kevinosborn/Desktop/sei/project/theUltimateDecision/app/controllers/restaurants_controller.rb:18: syntax error, unexpected end-of-input, expecting keyword_end):
  
app/controllers/restaurants_controller.rb:18: syntax error, unexpected end-of-input, expecting keyword_end
Started GET "/restaurants/index" for ::1 at 2020-01-13 17:18:20 +1100
Processing by RestaurantsController#index as HTML
  Rendering restaurants/index.html.erb within layouts/application
  Rendered restaurants/index.html.erb within layouts/application (0.5ms)
Completed 200 OK in 601ms (Views: 598.6ms | ActiveRecord: 0.0ms)


Started GET "/restaurants/index" for ::1 at 2020-01-13 17:20:29 +1100
Processing by RestaurantsController#index as HTML
  Rendering restaurants/index.html.erb within layouts/application
  Rendered restaurants/index.html.erb within layouts/application (3.6ms)
Completed 500 Internal Server Error in 15ms (ActiveRecord: 0.0ms)


  
ActionView::Template::Error (undefined method `each' for nil:NilClass):
    2: <p>Find me in app/views/restaurants/index.html.erb</p>
    3: 
    4: <ul>
    5:   <% @restaurants.each do |restaurant| %>
    6:   <li>
    7:     <%= link_to restaurant.name, restaurant_path(restaurant.id) %>
    8:   </li>
  
app/views/restaurants/index.html.erb:5:in `_app_views_restaurants_index_html_erb___1724346499880854284_70141266403740'
Started GET "/restaurants/index" for ::1 at 2020-01-13 17:21:21 +1100
Processing by RestaurantsController#index as HTML
  Rendering restaurants/index.html.erb within layouts/application
  [1m[36mRestaurant Load (1.2ms)[0m  [1m[34mSELECT "restaurants".* FROM "restaurants"[0m
  ↳ app/views/restaurants/index.html.erb:5
  Rendered restaurants/index.html.erb within layouts/application (127.5ms)
Completed 500 Internal Server Error in 135ms (ActiveRecord: 13.0ms)


  
ActionView::Template::Error (undefined method `restaurant_path' for #<#<Class:0x007f96161ab798>:0x007f96161a9e48>
Did you mean?  restaurants_new_path):
    4: <ul>
    5:   <% @restaurants.each do |restaurant| %>
    6:   <li>
    7:     <%= link_to restaurant.name, restaurant_path(restaurant.id) %>
    8:   </li>
    9:   <% end %>
   10: </ul>
  
app/views/restaurants/index.html.erb:7:in `block in _app_views_restaurants_index_html_erb___1724346499880854284_70141296345340'
app/views/restaurants/index.html.erb:5:in `_app_views_restaurants_index_html_erb___1724346499880854284_70141296345340'
Started GET "/restaurants/index" for ::1 at 2020-01-13 17:22:57 +1100
Processing by RestaurantsController#index as HTML
  Rendering restaurants/index.html.erb within layouts/application
  [1m[36mRestaurant Load (0.8ms)[0m  [1m[34mSELECT "restaurants".* FROM "restaurants"[0m
  ↳ app/views/restaurants/index.html.erb:5
  Rendered restaurants/index.html.erb within layouts/application (3.9ms)
Completed 200 OK in 21ms (Views: 17.2ms | ActiveRecord: 0.8ms)


Started GET "/restaurants/index" for ::1 at 2020-01-13 17:23:01 +1100
Processing by RestaurantsController#index as HTML
  Rendering restaurants/index.html.erb within layouts/application
  [1m[36mRestaurant Load (0.5ms)[0m  [1m[34mSELECT "restaurants".* FROM "restaurants"[0m
  ↳ app/views/restaurants/index.html.erb:5
  Rendered restaurants/index.html.erb within layouts/application (3.0ms)
Completed 200 OK in 18ms (Views: 15.8ms | ActiveRecord: 0.5ms)


Started GET "/restaurants/index" for ::1 at 2020-01-13 17:23:52 +1100
Processing by RestaurantsController#index as HTML
  Rendering restaurants/index.html.erb within layouts/application
  [1m[36mRestaurant Load (0.6ms)[0m  [1m[34mSELECT "restaurants".* FROM "restaurants"[0m
  ↳ app/views/restaurants/index.html.erb:5
  Rendered restaurants/index.html.erb within layouts/application (4.4ms)
Completed 200 OK in 21ms (Views: 18.0ms | ActiveRecord: 0.6ms)


Started GET "/restaurants/index" for ::1 at 2020-01-13 17:23:58 +1100
Processing by RestaurantsController#index as HTML
  Rendering restaurants/index.html.erb within layouts/application
  [1m[36mRestaurant Load (0.9ms)[0m  [1m[34mSELECT "restaurants".* FROM "restaurants"[0m
  ↳ app/views/restaurants/index.html.erb:5
  Rendered restaurants/index.html.erb within layouts/application (4.3ms)
Completed 200 OK in 19ms (Views: 16.4ms | ActiveRecord: 0.9ms)


Started GET "/restaurants/index" for ::1 at 2020-01-13 17:24:07 +1100
Processing by RestaurantsController#index as HTML
  Rendering restaurants/index.html.erb within layouts/application
  [1m[36mRestaurant Load (0.5ms)[0m  [1m[34mSELECT "restaurants".* FROM "restaurants"[0m
  ↳ app/views/restaurants/index.html.erb:5
  Rendered restaurants/index.html.erb within layouts/application (2.4ms)
Completed 200 OK in 17ms (Views: 14.4ms | ActiveRecord: 0.5ms)


Started GET "/restaurants/index" for ::1 at 2020-01-13 17:24:26 +1100
Processing by RestaurantsController#index as HTML
  Rendering restaurants/index.html.erb within layouts/application
  [1m[36mRestaurant Load (0.9ms)[0m  [1m[34mSELECT "restaurants".* FROM "restaurants"[0m
  ↳ app/views/restaurants/index.html.erb:3
  Rendered restaurants/index.html.erb within layouts/application (4.1ms)
Completed 200 OK in 21ms (Views: 17.1ms | ActiveRecord: 0.9ms)


Started GET "/restaurants/index" for ::1 at 2020-01-13 17:24:43 +1100
Processing by RestaurantsController#index as HTML
  Rendering restaurants/index.html.erb within layouts/application
  [1m[36mRestaurant Load (0.6ms)[0m  [1m[34mSELECT "restaurants".* FROM "restaurants"[0m
  ↳ app/views/restaurants/index.html.erb:3
  Rendered restaurants/index.html.erb within layouts/application (3.6ms)
Completed 200 OK in 18ms (Views: 15.2ms | ActiveRecord: 0.6ms)


Started GET "/restaurants/index" for ::1 at 2020-01-13 17:24:44 +1100
Processing by RestaurantsController#index as HTML
  Rendering restaurants/index.html.erb within layouts/application
  [1m[36mRestaurant Load (0.4ms)[0m  [1m[34mSELECT "restaurants".* FROM "restaurants"[0m
  ↳ app/views/restaurants/index.html.erb:3
  Rendered restaurants/index.html.erb within layouts/application (2.5ms)
Completed 200 OK in 15ms (Views: 12.7ms | ActiveRecord: 0.4ms)


Started GET "/restaurants/index" for ::1 at 2020-01-13 17:24:45 +1100
Processing by RestaurantsController#index as HTML
  Rendering restaurants/index.html.erb within layouts/application
  [1m[36mRestaurant Load (0.4ms)[0m  [1m[34mSELECT "restaurants".* FROM "restaurants"[0m
  ↳ app/views/restaurants/index.html.erb:3
  Rendered restaurants/index.html.erb within layouts/application (2.0ms)
Completed 200 OK in 14ms (Views: 11.7ms | ActiveRecord: 0.4ms)


Started GET "/restaurants/index" for ::1 at 2020-01-13 17:24:49 +1100
Processing by RestaurantsController#index as HTML
  Rendering restaurants/index.html.erb within layouts/application
  [1m[36mRestaurant Load (0.6ms)[0m  [1m[34mSELECT "restaurants".* FROM "restaurants"[0m
  ↳ app/views/restaurants/index.html.erb:3
  Rendered restaurants/index.html.erb within layouts/application (3.0ms)
Completed 200 OK in 26ms (Views: 22.9ms | ActiveRecord: 0.6ms)


Started GET "/restaurants/1" for ::1 at 2020-01-13 17:24:49 +1100
  
ActionController::RoutingError (No route matches [GET] "/restaurants/1"):
  
actionpack (5.2.4.1) lib/action_dispatch/middleware/debug_exceptions.rb:65:in `call'
web-console (3.7.0) lib/web_console/middleware.rb:135:in `call_app'
web-console (3.7.0) lib/web_console/middleware.rb:30:in `block in call'
web-console (3.7.0) lib/web_console/middleware.rb:20:in `catch'
web-console (3.7.0) lib/web_console/middleware.rb:20:in `call'
actionpack (5.2.4.1) lib/action_dispatch/middleware/show_exceptions.rb:33:in `call'
railties (5.2.4.1) lib/rails/rack/logger.rb:38:in `call_app'
railties (5.2.4.1) lib/rails/rack/logger.rb:26:in `block in call'
activesupport (5.2.4.1) lib/active_support/tagged_logging.rb:71:in `block in tagged'
activesupport (5.2.4.1) lib/active_support/tagged_logging.rb:28:in `tagged'
activesupport (5.2.4.1) lib/active_support/tagged_logging.rb:71:in `tagged'
railties (5.2.4.1) lib/rails/rack/logger.rb:26:in `call'
sprockets-rails (3.2.1) lib/sprockets/rails/quiet_assets.rb:13:in `call'
actionpack (5.2.4.1) lib/action_dispatch/middleware/remote_ip.rb:81:in `call'
actionpack (5.2.4.1) lib/action_dispatch/middleware/request_id.rb:27:in `call'
rack (2.1.1) lib/rack/method_override.rb:24:in `call'
rack (2.1.1) lib/rack/runtime.rb:24:in `call'
activesupport (5.2.4.1) lib/active_support/cache/strategy/local_cache_middleware.rb:29:in `call'
actionpack (5.2.4.1) lib/action_dispatch/middleware/executor.rb:14:in `call'
actionpack (5.2.4.1) lib/action_dispatch/middleware/static.rb:127:in `call'
rack (2.1.1) lib/rack/sendfile.rb:113:in `call'
railties (5.2.4.1) lib/rails/engine.rb:524:in `call'
puma (3.12.2) lib/puma/configuration.rb:227:in `call'
puma (3.12.2) lib/puma/server.rb:674:in `handle_request'
puma (3.12.2) lib/puma/server.rb:476:in `process_client'
puma (3.12.2) lib/puma/server.rb:334:in `block in run'
puma (3.12.2) lib/puma/thread_pool.rb:135:in `block in spawn_thread'
Started GET "/restaurants/1" for ::1 at 2020-01-13 17:24:55 +1100
  
ActionController::RoutingError (No route matches [GET] "/restaurants/1"):
  
actionpack (5.2.4.1) lib/action_dispatch/middleware/debug_exceptions.rb:65:in `call'
web-console (3.7.0) lib/web_console/middleware.rb:135:in `call_app'
web-console (3.7.0) lib/web_console/middleware.rb:30:in `block in call'
web-console (3.7.0) lib/web_console/middleware.rb:20:in `catch'
web-console (3.7.0) lib/web_console/middleware.rb:20:in `call'
actionpack (5.2.4.1) lib/action_dispatch/middleware/show_exceptions.rb:33:in `call'
railties (5.2.4.1) lib/rails/rack/logger.rb:38:in `call_app'
railties (5.2.4.1) lib/rails/rack/logger.rb:26:in `block in call'
activesupport (5.2.4.1) lib/active_support/tagged_logging.rb:71:in `block in tagged'
activesupport (5.2.4.1) lib/active_support/tagged_logging.rb:28:in `tagged'
activesupport (5.2.4.1) lib/active_support/tagged_logging.rb:71:in `tagged'
railties (5.2.4.1) lib/rails/rack/logger.rb:26:in `call'
sprockets-rails (3.2.1) lib/sprockets/rails/quiet_assets.rb:13:in `call'
actionpack (5.2.4.1) lib/action_dispatch/middleware/remote_ip.rb:81:in `call'
actionpack (5.2.4.1) lib/action_dispatch/middleware/request_id.rb:27:in `call'
rack (2.1.1) lib/rack/method_override.rb:24:in `call'
rack (2.1.1) lib/rack/runtime.rb:24:in `call'
activesupport (5.2.4.1) lib/active_support/cache/strategy/local_cache_middleware.rb:29:in `call'
actionpack (5.2.4.1) lib/action_dispatch/middleware/executor.rb:14:in `call'
actionpack (5.2.4.1) lib/action_dispatch/middleware/static.rb:127:in `call'
rack (2.1.1) lib/rack/sendfile.rb:113:in `call'
railties (5.2.4.1) lib/rails/engine.rb:524:in `call'
puma (3.12.2) lib/puma/configuration.rb:227:in `call'
puma (3.12.2) lib/puma/server.rb:674:in `handle_request'
puma (3.12.2) lib/puma/server.rb:476:in `process_client'
puma (3.12.2) lib/puma/server.rb:334:in `block in run'
puma (3.12.2) lib/puma/thread_pool.rb:135:in `block in spawn_thread'
Started GET "/restaurants/1" for ::1 at 2020-01-13 17:24:59 +1100
  
ActionController::RoutingError (No route matches [GET] "/restaurants/1"):
  
actionpack (5.2.4.1) lib/action_dispatch/middleware/debug_exceptions.rb:65:in `call'
web-console (3.7.0) lib/web_console/middleware.rb:135:in `call_app'
web-console (3.7.0) lib/web_console/middleware.rb:30:in `block in call'
web-console (3.7.0) lib/web_console/middleware.rb:20:in `catch'
web-console (3.7.0) lib/web_console/middleware.rb:20:in `call'
actionpack (5.2.4.1) lib/action_dispatch/middleware/show_exceptions.rb:33:in `call'
railties (5.2.4.1) lib/rails/rack/logger.rb:38:in `call_app'
railties (5.2.4.1) lib/rails/rack/logger.rb:26:in `block in call'
activesupport (5.2.4.1) lib/active_support/tagged_logging.rb:71:in `block in tagged'
activesupport (5.2.4.1) lib/active_support/tagged_logging.rb:28:in `tagged'
activesupport (5.2.4.1) lib/active_support/tagged_logging.rb:71:in `tagged'
railties (5.2.4.1) lib/rails/rack/logger.rb:26:in `call'
sprockets-rails (3.2.1) lib/sprockets/rails/quiet_assets.rb:13:in `call'
actionpack (5.2.4.1) lib/action_dispatch/middleware/remote_ip.rb:81:in `call'
actionpack (5.2.4.1) lib/action_dispatch/middleware/request_id.rb:27:in `call'
rack (2.1.1) lib/rack/method_override.rb:24:in `call'
rack (2.1.1) lib/rack/runtime.rb:24:in `call'
activesupport (5.2.4.1) lib/active_support/cache/strategy/local_cache_middleware.rb:29:in `call'
actionpack (5.2.4.1) lib/action_dispatch/middleware/executor.rb:14:in `call'
actionpack (5.2.4.1) lib/action_dispatch/middleware/static.rb:127:in `call'
rack (2.1.1) lib/rack/sendfile.rb:113:in `call'
railties (5.2.4.1) lib/rails/engine.rb:524:in `call'
puma (3.12.2) lib/puma/configuration.rb:227:in `call'
puma (3.12.2) lib/puma/server.rb:674:in `handle_request'
puma (3.12.2) lib/puma/server.rb:476:in `process_client'
puma (3.12.2) lib/puma/server.rb:334:in `block in run'
puma (3.12.2) lib/puma/thread_pool.rb:135:in `block in spawn_thread'
Started GET "/restaurants/index" for ::1 at 2020-01-13 17:25:10 +1100
Processing by RestaurantsController#index as HTML
  Rendering restaurants/index.html.erb within layouts/application
  [1m[36mRestaurant Load (0.5ms)[0m  [1m[34mSELECT "restaurants".* FROM "restaurants"[0m
  ↳ app/views/restaurants/index.html.erb:3
  Rendered restaurants/index.html.erb within layouts/application (2.7ms)
Completed 200 OK in 15ms (Views: 13.4ms | ActiveRecord: 0.5ms)


Started GET "/restaurants/1" for ::1 at 2020-01-13 17:25:11 +1100
  
ActionController::RoutingError (No route matches [GET] "/restaurants/1"):
  
actionpack (5.2.4.1) lib/action_dispatch/middleware/debug_exceptions.rb:65:in `call'
web-console (3.7.0) lib/web_console/middleware.rb:135:in `call_app'
web-console (3.7.0) lib/web_console/middleware.rb:30:in `block in call'
web-console (3.7.0) lib/web_console/middleware.rb:20:in `catch'
web-console (3.7.0) lib/web_console/middleware.rb:20:in `call'
actionpack (5.2.4.1) lib/action_dispatch/middleware/show_exceptions.rb:33:in `call'
railties (5.2.4.1) lib/rails/rack/logger.rb:38:in `call_app'
railties (5.2.4.1) lib/rails/rack/logger.rb:26:in `block in call'
activesupport (5.2.4.1) lib/active_support/tagged_logging.rb:71:in `block in tagged'
activesupport (5.2.4.1) lib/active_support/tagged_logging.rb:28:in `tagged'
activesupport (5.2.4.1) lib/active_support/tagged_logging.rb:71:in `tagged'
railties (5.2.4.1) lib/rails/rack/logger.rb:26:in `call'
sprockets-rails (3.2.1) lib/sprockets/rails/quiet_assets.rb:13:in `call'
actionpack (5.2.4.1) lib/action_dispatch/middleware/remote_ip.rb:81:in `call'
actionpack (5.2.4.1) lib/action_dispatch/middleware/request_id.rb:27:in `call'
rack (2.1.1) lib/rack/method_override.rb:24:in `call'
rack (2.1.1) lib/rack/runtime.rb:24:in `call'
activesupport (5.2.4.1) lib/active_support/cache/strategy/local_cache_middleware.rb:29:in `call'
actionpack (5.2.4.1) lib/action_dispatch/middleware/executor.rb:14:in `call'
actionpack (5.2.4.1) lib/action_dispatch/middleware/static.rb:127:in `call'
rack (2.1.1) lib/rack/sendfile.rb:113:in `call'
railties (5.2.4.1) lib/rails/engine.rb:524:in `call'
puma (3.12.2) lib/puma/configuration.rb:227:in `call'
puma (3.12.2) lib/puma/server.rb:674:in `handle_request'
puma (3.12.2) lib/puma/server.rb:476:in `process_client'
puma (3.12.2) lib/puma/server.rb:334:in `block in run'
puma (3.12.2) lib/puma/thread_pool.rb:135:in `block in spawn_thread'
Started GET "/restaurants/9" for ::1 at 2020-01-13 17:25:13 +1100
  
ActionController::RoutingError (No route matches [GET] "/restaurants/9"):
  
actionpack (5.2.4.1) lib/action_dispatch/middleware/debug_exceptions.rb:65:in `call'
web-console (3.7.0) lib/web_console/middleware.rb:135:in `call_app'
web-console (3.7.0) lib/web_console/middleware.rb:30:in `block in call'
web-console (3.7.0) lib/web_console/middleware.rb:20:in `catch'
web-console (3.7.0) lib/web_console/middleware.rb:20:in `call'
actionpack (5.2.4.1) lib/action_dispatch/middleware/show_exceptions.rb:33:in `call'
railties (5.2.4.1) lib/rails/rack/logger.rb:38:in `call_app'
railties (5.2.4.1) lib/rails/rack/logger.rb:26:in `block in call'
activesupport (5.2.4.1) lib/active_support/tagged_logging.rb:71:in `block in tagged'
activesupport (5.2.4.1) lib/active_support/tagged_logging.rb:28:in `tagged'
activesupport (5.2.4.1) lib/active_support/tagged_logging.rb:71:in `tagged'
railties (5.2.4.1) lib/rails/rack/logger.rb:26:in `call'
sprockets-rails (3.2.1) lib/sprockets/rails/quiet_assets.rb:13:in `call'
actionpack (5.2.4.1) lib/action_dispatch/middleware/remote_ip.rb:81:in `call'
actionpack (5.2.4.1) lib/action_dispatch/middleware/request_id.rb:27:in `call'
rack (2.1.1) lib/rack/method_override.rb:24:in `call'
rack (2.1.1) lib/rack/runtime.rb:24:in `call'
activesupport (5.2.4.1) lib/active_support/cache/strategy/local_cache_middleware.rb:29:in `call'
actionpack (5.2.4.1) lib/action_dispatch/middleware/executor.rb:14:in `call'
actionpack (5.2.4.1) lib/action_dispatch/middleware/static.rb:127:in `call'
rack (2.1.1) lib/rack/sendfile.rb:113:in `call'
railties (5.2.4.1) lib/rails/engine.rb:524:in `call'
puma (3.12.2) lib/puma/configuration.rb:227:in `call'
puma (3.12.2) lib/puma/server.rb:674:in `handle_request'
puma (3.12.2) lib/puma/server.rb:476:in `process_client'
puma (3.12.2) lib/puma/server.rb:334:in `block in run'
puma (3.12.2) lib/puma/thread_pool.rb:135:in `block in spawn_thread'
  [1m[35m (0.2ms)[0m  [1m[34mSELECT pg_try_advisory_lock(4248615402513955410)[0m
  ↳ bin/rails:4
  [1m[35m (0.8ms)[0m  [1m[34mSELECT "schema_migrations"."version" FROM "schema_migrations" ORDER BY "schema_migrations"."version" ASC[0m
  ↳ bin/rails:4
  [1m[36mActiveRecord::InternalMetadata Load (0.4ms)[0m  [1m[34mSELECT  "ar_internal_metadata".* FROM "ar_internal_metadata" WHERE "ar_internal_metadata"."key" = $1 LIMIT $2[0m  [["key", "environment"], ["LIMIT", 1]]
  ↳ bin/rails:4
  [1m[35m (0.1ms)[0m  [1m[35mBEGIN[0m
  ↳ bin/rails:4
  [1m[35m (0.1ms)[0m  [1m[35mCOMMIT[0m
  ↳ bin/rails:4
  [1m[35m (0.2ms)[0m  [1m[34mSELECT pg_advisory_unlock(4248615402513955410)[0m
  ↳ bin/rails:4
  [1m[35m (0.2ms)[0m  [1m[34mSELECT "schema_migrations"."version" FROM "schema_migrations" ORDER BY "schema_migrations"."version" ASC[0m
  ↳ bin/rails:4
  [1m[35m (0.8ms)[0m  [1m[34mSELECT "schema_migrations"."version" FROM "schema_migrations" ORDER BY "schema_migrations"."version" ASC[0m
  ↳ bin/rails:4
  [1m[35m (0.2ms)[0m  [1m[35mBEGIN[0m
  ↳ db/seeds.rb:9
  [1m[36mRestaurant Create (0.7ms)[0m  [1m[32mINSERT INTO "restaurants" ("name", "price", "cuisine", "location", "photo") VALUES ($1, $2, $3, $4, $5) RETURNING "id"[0m  [["name", "Outback Steakhouse"], ["price", "Medium"], ["cuisine", "American"], ["location", "Strathfield"], ["photo", "fillmurray.com/300/300"]]
  ↳ db/seeds.rb:9
  [1m[35m (0.6ms)[0m  [1m[35mCOMMIT[0m
  ↳ db/seeds.rb:9
  [1m[35m (0.1ms)[0m  [1m[35mBEGIN[0m
  ↳ db/seeds.rb:11
  [1m[36mRestaurant Create (0.4ms)[0m  [1m[32mINSERT INTO "restaurants" ("name", "price", "cuisine", "location", "photo") VALUES ($1, $2, $3, $4, $5) RETURNING "id"[0m  [["name", "Hooters"], ["price", "Medium"], ["cuisine", "American"], ["location", "Penrith"], ["photo", "fillmurray.com/300/300"]]
  ↳ db/seeds.rb:11
  [1m[35m (0.5ms)[0m  [1m[35mCOMMIT[0m
  ↳ db/seeds.rb:11
  [1m[35m (0.1ms)[0m  [1m[35mBEGIN[0m
  ↳ db/seeds.rb:13
  [1m[36mRestaurant Create (0.4ms)[0m  [1m[32mINSERT INTO "restaurants" ("name", "price", "cuisine", "location", "photo") VALUES ($1, $2, $3, $4, $5) RETURNING "id"[0m  [["name", "Hogs Breath Cafe"], ["price", "Medium"], ["cuisine", "American"], ["location", "Terrigal"], ["photo", "fillmurray.com/300/300"]]
  ↳ db/seeds.rb:13
  [1m[35m (0.4ms)[0m  [1m[35mCOMMIT[0m
  ↳ db/seeds.rb:13
  [1m[35m (0.1ms)[0m  [1m[35mBEGIN[0m
  ↳ db/seeds.rb:15
  [1m[36mRestaurant Create (0.3ms)[0m  [1m[32mINSERT INTO "restaurants" ("name", "price", "cuisine", "location", "photo") VALUES ($1, $2, $3, $4, $5) RETURNING "id"[0m  [["name", "TGIF"], ["price", "Medium"], ["cuisine", "American"], ["location", "Macquarie"], ["photo", "fillmurray.com/300/300"]]
  ↳ db/seeds.rb:15
  [1m[35m (0.5ms)[0m  [1m[35mCOMMIT[0m
  ↳ db/seeds.rb:15
  [1m[35m (0.1ms)[0m  [1m[35mBEGIN[0m
  ↳ db/seeds.rb:17
  [1m[36mRestaurant Create (0.4ms)[0m  [1m[32mINSERT INTO "restaurants" ("name", "price", "cuisine", "location", "photo") VALUES ($1, $2, $3, $4, $5) RETURNING "id"[0m  [["name", "Sedici"], ["price", "Medium"], ["cuisine", "Italian"], ["location", "Oakhill"], ["photo", "fillmurray.com/300/300"]]
  ↳ db/seeds.rb:17
  [1m[35m (0.5ms)[0m  [1m[35mCOMMIT[0m
  ↳ db/seeds.rb:17
  [1m[35m (0.1ms)[0m  [1m[35mBEGIN[0m
  ↳ db/seeds.rb:19
  [1m[36mRestaurant Create (0.4ms)[0m  [1m[32mINSERT INTO "restaurants" ("name", "price", "cuisine", "location", "photo") VALUES ($1, $2, $3, $4, $5) RETURNING "id"[0m  [["name", "Bivianos"], ["price", "Expensive"], ["cuisine", "Italian"], ["location", "Dural"], ["photo", "fillmurray.com/300/300"]]
  ↳ db/seeds.rb:19
  [1m[35m (0.4ms)[0m  [1m[35mCOMMIT[0m
  ↳ db/seeds.rb:19
  [1m[35m (0.2ms)[0m  [1m[35mBEGIN[0m
  ↳ db/seeds.rb:21
  [1m[36mRestaurant Create (0.3ms)[0m  [1m[32mINSERT INTO "restaurants" ("name", "price", "cuisine", "location", "photo") VALUES ($1, $2, $3, $4, $5) RETURNING "id"[0m  [["name", "Rick's Pizzeria"], ["price", "Cheap"], ["cuisine", "Italian"], ["location", "Norwest"], ["photo", "fillmurray.com/300/300"]]
  ↳ db/seeds.rb:21
  [1m[35m (0.4ms)[0m  [1m[35mCOMMIT[0m
  ↳ db/seeds.rb:21
  [1m[35m (0.1ms)[0m  [1m[35mBEGIN[0m
  ↳ db/seeds.rb:23
  [1m[36mRestaurant Create (0.4ms)[0m  [1m[32mINSERT INTO "restaurants" ("name", "price", "cuisine", "location", "photo") VALUES ($1, $2, $3, $4, $5) RETURNING "id"[0m  [["name", "Entrata"], ["price", "Expensive"], ["cuisine", "Italian"], ["location", "Glenhaven"], ["photo", "fillmurray.com/300/300"]]
  ↳ db/seeds.rb:23
  [1m[35m (0.4ms)[0m  [1m[35mCOMMIT[0m
  ↳ db/seeds.rb:23
  [1m[35m (0.2ms)[0m  [1m[35mBEGIN[0m
  ↳ db/seeds.rb:25
  [1m[36mRestaurant Create (0.4ms)[0m  [1m[32mINSERT INTO "restaurants" ("name", "price", "cuisine", "location", "photo") VALUES ($1, $2, $3, $4, $5) RETURNING "id"[0m  [["name", "La Caretta"], ["price", "Cheap"], ["cuisine", "Italian"], ["location", "West Pennant Hills"], ["photo", "fillmurray.com/300/300"]]
  ↳ db/seeds.rb:25
  [1m[35m (0.4ms)[0m  [1m[35mCOMMIT[0m
  ↳ db/seeds.rb:25
  [1m[35m (0.1ms)[0m  [1m[35mBEGIN[0m
  ↳ db/seeds.rb:27
  [1m[36mRestaurant Create (0.3ms)[0m  [1m[32mINSERT INTO "restaurants" ("name", "price", "cuisine", "location", "photo") VALUES ($1, $2, $3, $4, $5) RETURNING "id"[0m  [["name", "Castle Terrace Chinese"], ["price", "Medium"], ["cuisine", "Chinese"], ["location", "Castle Hill"], ["photo", "fillmurray.com/300/300"]]
  ↳ db/seeds.rb:27
  [1m[35m (0.3ms)[0m  [1m[35mCOMMIT[0m
  ↳ db/seeds.rb:27
  [1m[35m (0.1ms)[0m  [1m[35mBEGIN[0m
  ↳ db/seeds.rb:29
  [1m[36mRestaurant Create (0.4ms)[0m  [1m[32mINSERT INTO "restaurants" ("name", "price", "cuisine", "location", "photo") VALUES ($1, $2, $3, $4, $5) RETURNING "id"[0m  [["name", "Eastern City Chinese"], ["price", "Cheap"], ["cuisine", "Chinese"], ["location", "Pennant Hills"], ["photo", "fillmurray.com/300/300"]]
  ↳ db/seeds.rb:29
  [1m[35m (0.4ms)[0m  [1m[35mCOMMIT[0m
  ↳ db/seeds.rb:29
  [1m[35m (0.1ms)[0m  [1m[35mBEGIN[0m
  ↳ db/seeds.rb:31
  [1m[36mRestaurant Create (0.3ms)[0m  [1m[32mINSERT INTO "restaurants" ("name", "price", "cuisine", "location", "photo") VALUES ($1, $2, $3, $4, $5) RETURNING "id"[0m  [["name", "Phoenix"], ["price", "Expensive"], ["cuisine", "Chinese"], ["location", "Parramatta"], ["photo", "fillmurray.com/300/300"]]
  ↳ db/seeds.rb:31
  [1m[35m (0.3ms)[0m  [1m[35mCOMMIT[0m
  ↳ db/seeds.rb:31
  [1m[35m (0.1ms)[0m  [1m[35mBEGIN[0m
  ↳ db/seeds.rb:33
  [1m[36mRestaurant Create (0.3ms)[0m  [1m[32mINSERT INTO "restaurants" ("name", "price", "cuisine", "location", "photo") VALUES ($1, $2, $3, $4, $5) RETURNING "id"[0m  [["name", "Grand Lotus"], ["price", "Expensive"], ["cuisine", "Chinese"], ["location", "Rouse Hill"], ["photo", "fillmurray.com/300/300"]]
  ↳ db/seeds.rb:33
  [1m[35m (0.3ms)[0m  [1m[35mCOMMIT[0m
  ↳ db/seeds.rb:33
  [1m[35m (0.1ms)[0m  [1m[35mBEGIN[0m
  ↳ db/seeds.rb:35
  [1m[36mRestaurant Create (0.3ms)[0m  [1m[32mINSERT INTO "restaurants" ("name", "price", "cuisine", "location", "photo") VALUES ($1, $2, $3, $4, $5) RETURNING "id"[0m  [["name", "Makimoto"], ["price", "Medium"], ["cuisine", "Japanese"], ["location", "Kellyville"], ["photo", "fillmurray.com/300/300"]]
  ↳ db/seeds.rb:35
  [1m[35m (0.3ms)[0m  [1m[35mCOMMIT[0m
  ↳ db/seeds.rb:35
  [1m[35m (0.1ms)[0m  [1m[35mBEGIN[0m
  ↳ db/seeds.rb:37
  [1m[36mRestaurant Create (0.3ms)[0m  [1m[32mINSERT INTO "restaurants" ("name", "price", "cuisine", "location", "photo") VALUES ($1, $2, $3, $4, $5) RETURNING "id"[0m  [["name", "Kamado"], ["price", "Expensive"], ["cuisine", "Japanese"], ["location", "Cherrybrook"], ["photo", "fillmurray.com/300/300"]]
  ↳ db/seeds.rb:37
  [1m[35m (0.3ms)[0m  [1m[35mCOMMIT[0m
  ↳ db/seeds.rb:37
  [1m[35m (0.1ms)[0m  [1m[35mBEGIN[0m
  ↳ db/seeds.rb:39
  [1m[36mRestaurant Create (0.3ms)[0m  [1m[32mINSERT INTO "restaurants" ("name", "price", "cuisine", "location", "photo") VALUES ($1, $2, $3, $4, $5) RETURNING "id"[0m  [["name", "Wonder Sushi"], ["price", "Cheap"], ["cuisine", "Japanese"], ["location", "The Ponds"], ["photo", "fillmurray.com/300/300"]]
  ↳ db/seeds.rb:39
  [1m[35m (0.4ms)[0m  [1m[35mCOMMIT[0m
  ↳ db/seeds.rb:39
  [1m[35m (0.1ms)[0m  [1m[35mBEGIN[0m
  ↳ db/seeds.rb:41
  [1m[36mRestaurant Create (0.6ms)[0m  [1m[32mINSERT INTO "restaurants" ("name", "price", "cuisine", "location", "photo") VALUES ($1, $2, $3, $4, $5) RETURNING "id"[0m  [["name", "Sushi Musa"], ["price", "Cheap"], ["cuisine", "Japanese"], ["location", "Rouse Hill"], ["photo", "fillmurray.com/300/300"]]
  ↳ db/seeds.rb:41
  [1m[35m (0.4ms)[0m  [1m[35mCOMMIT[0m
  ↳ db/seeds.rb:41
  [1m[35m (0.1ms)[0m  [1m[35mBEGIN[0m
  ↳ db/seeds.rb:43
  [1m[36mRestaurant Create (0.3ms)[0m  [1m[32mINSERT INTO "restaurants" ("name", "price", "cuisine", "location", "photo") VALUES ($1, $2, $3, $4, $5) RETURNING "id"[0m  [["name", "Guyzman Y Gomez"], ["price", "Cheap"], ["cuisine", "Mexican"], ["location", "Wetherill Park"], ["photo", "fillmurray.com/300/300"]]
  ↳ db/seeds.rb:43
  [1m[35m (0.3ms)[0m  [1m[35mCOMMIT[0m
  ↳ db/seeds.rb:43
  [1m[35m (0.1ms)[0m  [1m[35mBEGIN[0m
  ↳ db/seeds.rb:45
  [1m[36mRestaurant Create (0.3ms)[0m  [1m[32mINSERT INTO "restaurants" ("name", "price", "cuisine", "location", "photo") VALUES ($1, $2, $3, $4, $5) RETURNING "id"[0m  [["name", "Mad Mex"], ["price", "Cheap"], ["cuisine", "Mexican"], ["location", "North Ryde"], ["photo", "fillmurray.com/300/300"]]
  ↳ db/seeds.rb:45
  [1m[35m (0.3ms)[0m  [1m[35mCOMMIT[0m
  ↳ db/seeds.rb:45
  [1m[35m (0.1ms)[0m  [1m[35mBEGIN[0m
  ↳ db/seeds.rb:47
  [1m[36mRestaurant Create (0.3ms)[0m  [1m[32mINSERT INTO "restaurants" ("name", "price", "cuisine", "location", "photo") VALUES ($1, $2, $3, $4, $5) RETURNING "id"[0m  [["name", "El Camino Cantina"], ["price", "Expensive"], ["cuisine", "Mexican"], ["location", "The Rocks"], ["photo", "fillmurray.com/300/300"]]
  ↳ db/seeds.rb:47
  [1m[35m (0.3ms)[0m  [1m[35mCOMMIT[0m
  ↳ db/seeds.rb:47
  [1m[35m (0.1ms)[0m  [1m[35mBEGIN[0m
  ↳ db/seeds.rb:49
  [1m[36mRestaurant Create (0.3ms)[0m  [1m[32mINSERT INTO "restaurants" ("name", "price", "cuisine", "location", "photo") VALUES ($1, $2, $3, $4, $5) RETURNING "id"[0m  [["name", "Dos Senoritas"], ["price", "Medium"], ["cuisine", "Mexican"], ["location", "Crow's Nest"], ["photo", "fillmurray.com/300/300"]]
  ↳ db/seeds.rb:49
  [1m[35m (0.4ms)[0m  [1m[35mCOMMIT[0m
  ↳ db/seeds.rb:49
  [1m[35m (0.1ms)[0m  [1m[35mBEGIN[0m
  ↳ db/seeds.rb:51
  [1m[36mRestaurant Create (0.3ms)[0m  [1m[32mINSERT INTO "restaurants" ("name", "price", "cuisine", "location", "photo") VALUES ($1, $2, $3, $4, $5) RETURNING "id"[0m  [["name", "Castle Taj"], ["price", "Medium"], ["cuisine", "Indian"], ["location", "Castle Hill"], ["photo", "fillmurray.com/300/300"]]
  ↳ db/seeds.rb:51
  [1m[35m (0.3ms)[0m  [1m[35mCOMMIT[0m
  ↳ db/seeds.rb:51
  [1m[35m (0.1ms)[0m  [1m[35mBEGIN[0m
  ↳ db/seeds.rb:53
  [1m[36mRestaurant Create (0.3ms)[0m  [1m[32mINSERT INTO "restaurants" ("name", "price", "cuisine", "location", "photo") VALUES ($1, $2, $3, $4, $5) RETURNING "id"[0m  [["name", "Kashi"], ["price", "Cheap"], ["cuisine", "Indian"], ["location", "Annangrove"], ["photo", "fillmurray.com/300/300"]]
  ↳ db/seeds.rb:53
  [1m[35m (0.5ms)[0m  [1m[35mCOMMIT[0m
  ↳ db/seeds.rb:53
  [1m[35m (0.1ms)[0m  [1m[35mBEGIN[0m
  ↳ db/seeds.rb:55
  [1m[36mRestaurant Create (0.3ms)[0m  [1m[32mINSERT INTO "restaurants" ("name", "price", "cuisine", "location", "photo") VALUES ($1, $2, $3, $4, $5) RETURNING "id"[0m  [["name", "Andaz"], ["price", "Medium"], ["cuisine", "Indian"], ["location", "Castle Hill"], ["photo", "fillmurray.com/300/300"]]
  ↳ db/seeds.rb:55
  [1m[35m (0.4ms)[0m  [1m[35mCOMMIT[0m
  ↳ db/seeds.rb:55
  [1m[35m (0.1ms)[0m  [1m[35mBEGIN[0m
  ↳ db/seeds.rb:57
  [1m[36mRestaurant Create (1.8ms)[0m  [1m[32mINSERT INTO "restaurants" ("name", "price", "cuisine", "location", "photo") VALUES ($1, $2, $3, $4, $5) RETURNING "id"[0m  [["name", "Maharaja's Lakeside"], ["price", "Expensive"], ["cuisine", "Indian"], ["location", "Norwest"], ["photo", "fillmurray.com/300/300"]]
  ↳ db/seeds.rb:57
  [1m[35m (0.4ms)[0m  [1m[35mCOMMIT[0m
  ↳ db/seeds.rb:57
  [1m[35m (0.2ms)[0m  [1m[35mBEGIN[0m
  ↳ db/seeds.rb:59
  [1m[36mRestaurant Create (0.4ms)[0m  [1m[32mINSERT INTO "restaurants" ("name", "price", "cuisine", "location", "photo") VALUES ($1, $2, $3, $4, $5) RETURNING "id"[0m  [["name", "The Burrow"], ["price", "Medium"], ["cuisine", "Cafe"], ["location", "Cherrybrook"], ["photo", "fillmurray.com/300/300"]]
  ↳ db/seeds.rb:59
  [1m[35m (0.4ms)[0m  [1m[35mCOMMIT[0m
  ↳ db/seeds.rb:59
  [1m[35m (0.1ms)[0m  [1m[35mBEGIN[0m
  ↳ db/seeds.rb:61
  [1m[36mRestaurant Create (0.3ms)[0m  [1m[32mINSERT INTO "restaurants" ("name", "price", "cuisine", "location", "photo") VALUES ($1, $2, $3, $4, $5) RETURNING "id"[0m  [["name", "Tuck Shop"], ["price", "Cheap"], ["cuisine", "Cafe"], ["location", "Glenhaven"], ["photo", "fillmurray.com/300/300"]]
  ↳ db/seeds.rb:61
  [1m[35m (0.5ms)[0m  [1m[35mCOMMIT[0m
  ↳ db/seeds.rb:61
  [1m[35m (0.1ms)[0m  [1m[35mBEGIN[0m
  ↳ db/seeds.rb:63
  [1m[36mRestaurant Create (0.4ms)[0m  [1m[32mINSERT INTO "restaurants" ("name", "price", "cuisine", "location", "photo") VALUES ($1, $2, $3, $4, $5) RETURNING "id"[0m  [["name", "Frankie's Food Factory"], ["price", "Medium"], ["cuisine", "Cafe"], ["location", "Glenhaven"], ["photo", "fillmurray.com/300/300"]]
  ↳ db/seeds.rb:63
  [1m[35m (0.5ms)[0m  [1m[35mCOMMIT[0m
  ↳ db/seeds.rb:63
  [1m[35m (0.1ms)[0m  [1m[35mBEGIN[0m
  ↳ db/seeds.rb:65
  [1m[36mRestaurant Create (0.3ms)[0m  [1m[32mINSERT INTO "restaurants" ("name", "price", "cuisine", "location", "photo") VALUES ($1, $2, $3, $4, $5) RETURNING "id"[0m  [["name", "Leaf Cafe"], ["price", "Cheap"], ["cuisine", "Cafe"], ["location", "The Ponds"], ["photo", "fillmurray.com/300/300"]]
  ↳ db/seeds.rb:65
  [1m[35m (0.4ms)[0m  [1m[35mCOMMIT[0m
  ↳ db/seeds.rb:65
  [1m[35m (0.1ms)[0m  [1m[35mBEGIN[0m
  ↳ db/seeds.rb:67
  [1m[36mRestaurant Create (0.2ms)[0m  [1m[32mINSERT INTO "restaurants" ("name", "price", "cuisine", "location", "photo") VALUES ($1, $2, $3, $4, $5) RETURNING "id"[0m  [["name", "Enigma"], ["price", "Expensive"], ["cuisine", "Mediterranean"], ["location", "Castle Hill"], ["photo", "fillmurray.com/300/300"]]
  ↳ db/seeds.rb:67
  [1m[35m (0.3ms)[0m  [1m[35mCOMMIT[0m
  ↳ db/seeds.rb:67
  [1m[35m (0.1ms)[0m  [1m[35mBEGIN[0m
  ↳ db/seeds.rb:69
  [1m[36mRestaurant Create (0.2ms)[0m  [1m[32mINSERT INTO "restaurants" ("name", "price", "cuisine", "location", "photo") VALUES ($1, $2, $3, $4, $5) RETURNING "id"[0m  [["name", "Zeko"], ["price", "Medium"], ["cuisine", "Mediterranean"], ["location", "Seven Hills"], ["photo", "fillmurray.com/300/300"]]
  ↳ db/seeds.rb:69
  [1m[35m (0.4ms)[0m  [1m[35mCOMMIT[0m
  ↳ db/seeds.rb:69
  [1m[35m (0.1ms)[0m  [1m[35mBEGIN[0m
  ↳ db/seeds.rb:71
  [1m[36mRestaurant Create (0.3ms)[0m  [1m[32mINSERT INTO "restaurants" ("name", "price", "cuisine", "location", "photo") VALUES ($1, $2, $3, $4, $5) RETURNING "id"[0m  [["name", "Lusso Tapas"], ["price", "Medium"], ["cuisine", "Mediterranean"], ["location", "Rouse Hill"], ["photo", "fillmurray.com/300/300"]]
  ↳ db/seeds.rb:71
  [1m[35m (0.4ms)[0m  [1m[35mCOMMIT[0m
  ↳ db/seeds.rb:71
  [1m[35m (0.1ms)[0m  [1m[35mBEGIN[0m
  ↳ db/seeds.rb:73
  [1m[36mRestaurant Create (0.2ms)[0m  [1m[32mINSERT INTO "restaurants" ("name", "price", "cuisine", "location", "photo") VALUES ($1, $2, $3, $4, $5) RETURNING "id"[0m  [["name", "Lezzette"], ["price", "Medium"], ["cuisine", "Mediterranean"], ["location", "Kellyville"], ["photo", "fillmurray.com/300/300"]]
  ↳ db/seeds.rb:73
  [1m[35m (0.4ms)[0m  [1m[35mCOMMIT[0m
  ↳ db/seeds.rb:73
  [1m[35m (0.1ms)[0m  [1m[35mBEGIN[0m
  ↳ db/seeds.rb:75
  [1m[36mRestaurant Create (0.2ms)[0m  [1m[32mINSERT INTO "restaurants" ("name", "price", "cuisine", "location", "photo") VALUES ($1, $2, $3, $4, $5) RETURNING "id"[0m  [["name", "Sahra By the River"], ["price", "Expensive"], ["cuisine", "Middle Eastern"], ["location", "Parramatta"], ["photo", "fillmurray.com/300/300"]]
  ↳ db/seeds.rb:75
  [1m[35m (0.5ms)[0m  [1m[35mCOMMIT[0m
  ↳ db/seeds.rb:75
  [1m[35m (0.1ms)[0m  [1m[35mBEGIN[0m
  ↳ db/seeds.rb:77
  [1m[36mRestaurant Create (0.2ms)[0m  [1m[32mINSERT INTO "restaurants" ("name", "price", "cuisine", "location", "photo") VALUES ($1, $2, $3, $4, $5) RETURNING "id"[0m  [["name", "Baba Ghanouj"], ["price", "Medium"], ["cuisine", "Middle Eastern"], ["location", "Dural"], ["photo", "fillmurray.com/300/300"]]
  ↳ db/seeds.rb:77
  [1m[35m (0.5ms)[0m  [1m[35mCOMMIT[0m
  ↳ db/seeds.rb:77
  [1m[35m (0.1ms)[0m  [1m[35mBEGIN[0m
  ↳ db/seeds.rb:79
  [1m[36mRestaurant Create (0.3ms)[0m  [1m[32mINSERT INTO "restaurants" ("name", "price", "cuisine", "location", "photo") VALUES ($1, $2, $3, $4, $5) RETURNING "id"[0m  [["name", "El-Phoenician"], ["price", "Medium"], ["cuisine", "Middle Eastern"], ["location", "Parramatta"], ["photo", "fillmurray.com/300/300"]]
  ↳ db/seeds.rb:79
  [1m[35m (0.4ms)[0m  [1m[35mCOMMIT[0m
  ↳ db/seeds.rb:79
  [1m[35m (0.1ms)[0m  [1m[35mBEGIN[0m
  ↳ db/seeds.rb:81
  [1m[36mRestaurant Create (0.4ms)[0m  [1m[32mINSERT INTO "restaurants" ("name", "price", "cuisine", "location", "photo") VALUES ($1, $2, $3, $4, $5) RETURNING "id"[0m  [["name", "Sahara Grill"], ["price", "Cheap"], ["cuisine", "Middle Eastern"], ["location", "The Ponds"], ["photo", "fillmurray.com/300/300"]]
  ↳ db/seeds.rb:81
  [1m[35m (0.3ms)[0m  [1m[35mCOMMIT[0m
  ↳ db/seeds.rb:81
  [1m[35m (0.1ms)[0m  [1m[35mBEGIN[0m
  ↳ db/seeds.rb:83
  [1m[36mRestaurant Create (0.3ms)[0m  [1m[32mINSERT INTO "restaurants" ("name", "price", "cuisine", "location", "photo") VALUES ($1, $2, $3, $4, $5) RETURNING "id"[0m  [["name", "Lil Cilantro"], ["price", "Cheap"], ["cuisine", "Vietnamese"], ["location", "Cherrybrook"], ["photo", "fillmurray.com/300/300"]]
  ↳ db/seeds.rb:83
  [1m[35m (0.5ms)[0m  [1m[35mCOMMIT[0m
  ↳ db/seeds.rb:83
  [1m[35m (0.2ms)[0m  [1m[35mBEGIN[0m
  ↳ db/seeds.rb:85
  [1m[36mRestaurant Create (0.4ms)[0m  [1m[32mINSERT INTO "restaurants" ("name", "price", "cuisine", "location", "photo") VALUES ($1, $2, $3, $4, $5) RETURNING "id"[0m  [["name", "Roll'd"], ["price", "Cheap"], ["cuisine", "Vietnamese"], ["location", "North Ryde"], ["photo", "fillmurray.com/300/300"]]
  ↳ db/seeds.rb:85
  [1m[35m (0.4ms)[0m  [1m[35mCOMMIT[0m
  ↳ db/seeds.rb:85
  [1m[35m (0.1ms)[0m  [1m[35mBEGIN[0m
  ↳ db/seeds.rb:87
  [1m[36mRestaurant Create (0.3ms)[0m  [1m[32mINSERT INTO "restaurants" ("name", "price", "cuisine", "location", "photo") VALUES ($1, $2, $3, $4, $5) RETURNING "id"[0m  [["name", "District 1"], ["price", "Medium"], ["cuisine", "Vietnamese"], ["location", "Macquarie"], ["photo", "fillmurray.com/300/300"]]
  ↳ db/seeds.rb:87
  [1m[35m (0.4ms)[0m  [1m[35mCOMMIT[0m
  ↳ db/seeds.rb:87
  [1m[35m (0.1ms)[0m  [1m[35mBEGIN[0m
  ↳ db/seeds.rb:89
  [1m[36mRestaurant Create (0.3ms)[0m  [1m[32mINSERT INTO "restaurants" ("name", "price", "cuisine", "location", "photo") VALUES ($1, $2, $3, $4, $5) RETURNING "id"[0m  [["name", "Saigon Phoever"], ["price", "Cheap"], ["cuisine", "Vietnamese"], ["location", "Castle Hill"], ["photo", "fillmurray.com/300/300"]]
  ↳ db/seeds.rb:89
  [1m[35m (0.4ms)[0m  [1m[35mCOMMIT[0m
  ↳ db/seeds.rb:89
  [1m[35m (0.1ms)[0m  [1m[35mBEGIN[0m
  ↳ db/seeds.rb:91
  [1m[36mRestaurant Create (0.3ms)[0m  [1m[32mINSERT INTO "restaurants" ("name", "price", "cuisine", "location", "photo") VALUES ($1, $2, $3, $4, $5) RETURNING "id"[0m  [["name", "Se Jong"], ["price", "Cheap"], ["cuisine", "Korean BBQ"], ["location", "Carlingford"], ["photo", "fillmurray.com/300/300"]]
  ↳ db/seeds.rb:91
  [1m[35m (0.4ms)[0m  [1m[35mCOMMIT[0m
  ↳ db/seeds.rb:91
  [1m[35m (0.1ms)[0m  [1m[35mBEGIN[0m
  ↳ db/seeds.rb:93
  [1m[36mRestaurant Create (0.4ms)[0m  [1m[32mINSERT INTO "restaurants" ("name", "price", "cuisine", "location", "photo") VALUES ($1, $2, $3, $4, $5) RETURNING "id"[0m  [["name", "Biwon"], ["price", "Expensive"], ["cuisine", "Korean BBQ"], ["location", "Hornsby"], ["photo", "fillmurray.com/300/300"]]
  ↳ db/seeds.rb:93
  [1m[35m (0.7ms)[0m  [1m[35mCOMMIT[0m
  ↳ db/seeds.rb:93
  [1m[35m (0.8ms)[0m  [1m[35mBEGIN[0m
  ↳ db/seeds.rb:95
  [1m[36mRestaurant Create (0.3ms)[0m  [1m[32mINSERT INTO "restaurants" ("name", "price", "cuisine", "location", "photo") VALUES ($1, $2, $3, $4, $5) RETURNING "id"[0m  [["name", "Dae Ga"], ["price", "Medium"], ["cuisine", "Korean BBQ"], ["location", "Parramatta"], ["photo", "fillmurray.com/300/300"]]
  ↳ db/seeds.rb:95
  [1m[35m (0.4ms)[0m  [1m[35mCOMMIT[0m
  ↳ db/seeds.rb:95
  [1m[35m (0.1ms)[0m  [1m[35mBEGIN[0m
  ↳ db/seeds.rb:97
  [1m[36mRestaurant Create (0.4ms)[0m  [1m[32mINSERT INTO "restaurants" ("name", "price", "cuisine", "location", "photo") VALUES ($1, $2, $3, $4, $5) RETURNING "id"[0m  [["name", "Sariwon"], ["price", "Medium"], ["cuisine", "Korean BBQ"], ["location", "Parramatta"], ["photo", "fillmurray.com/300/300"]]
  ↳ db/seeds.rb:97
  [1m[35m (0.3ms)[0m  [1m[35mCOMMIT[0m
  ↳ db/seeds.rb:97
  [1m[35m (0.1ms)[0m  [1m[35mBEGIN[0m
  ↳ db/seeds.rb:99
  [1m[36mRestaurant Create (0.3ms)[0m  [1m[32mINSERT INTO "restaurants" ("name", "price", "cuisine", "location", "photo") VALUES ($1, $2, $3, $4, $5) RETURNING "id"[0m  [["name", "Noodle Hut"], ["price", "Medium"], ["cuisine", "Thai"], ["location", "Cherrybrook"], ["photo", "fillmurray.com/300/300"]]
  ↳ db/seeds.rb:99
  [1m[35m (0.4ms)[0m  [1m[35mCOMMIT[0m
  ↳ db/seeds.rb:99
  [1m[35m (0.1ms)[0m  [1m[35mBEGIN[0m
  ↳ db/seeds.rb:101
  [1m[36mRestaurant Create (0.4ms)[0m  [1m[32mINSERT INTO "restaurants" ("name", "price", "cuisine", "location", "photo") VALUES ($1, $2, $3, $4, $5) RETURNING "id"[0m  [["name", "Wok on Inn"], ["price", "Cheap"], ["cuisine", "Thai"], ["location", "Norwest"], ["photo", "fillmurray.com/300/300"]]
  ↳ db/seeds.rb:101
  [1m[35m (0.4ms)[0m  [1m[35mCOMMIT[0m
  ↳ db/seeds.rb:101
  [1m[35m (0.1ms)[0m  [1m[35mBEGIN[0m
  ↳ db/seeds.rb:103
  [1m[36mRestaurant Create (0.3ms)[0m  [1m[32mINSERT INTO "restaurants" ("name", "price", "cuisine", "location", "photo") VALUES ($1, $2, $3, $4, $5) RETURNING "id"[0m  [["name", "Pimam"], ["price", "Medium"], ["cuisine", "Thai"], ["location", "Castle Hill"], ["photo", "fillmurray.com/300/300"]]
  ↳ db/seeds.rb:103
  [1m[35m (0.4ms)[0m  [1m[35mCOMMIT[0m
  ↳ db/seeds.rb:103
  [1m[35m (0.1ms)[0m  [1m[35mBEGIN[0m
  ↳ db/seeds.rb:105
  [1m[36mRestaurant Create (0.4ms)[0m  [1m[32mINSERT INTO "restaurants" ("name", "price", "cuisine", "location", "photo") VALUES ($1, $2, $3, $4, $5) RETURNING "id"[0m  [["name", "Absolute Thai"], ["price", "Medium"], ["cuisine", "Thai"], ["location", "Hornsby"], ["photo", "fillmurray.com/300/300"]]
  ↳ db/seeds.rb:105
  [1m[35m (0.5ms)[0m  [1m[35mCOMMIT[0m
  ↳ db/seeds.rb:105
  [1m[35m (0.1ms)[0m  [1m[35mBEGIN[0m
  ↳ db/seeds.rb:107
  [1m[36mRestaurant Create (0.3ms)[0m  [1m[32mINSERT INTO "restaurants" ("name", "price", "cuisine", "location", "photo") VALUES ($1, $2, $3, $4, $5) RETURNING "id"[0m  [["name", "WPH Sports Club"], ["price", "Cheap"], ["cuisine", "Pub"], ["location", "West Pennant Hills"], ["photo", "fillmurray.com/300/300"]]
  ↳ db/seeds.rb:107
  [1m[35m (0.4ms)[0m  [1m[35mCOMMIT[0m
  ↳ db/seeds.rb:107
  [1m[35m (0.1ms)[0m  [1m[35mBEGIN[0m
  ↳ db/seeds.rb:109
  [1m[36mRestaurant Create (0.4ms)[0m  [1m[32mINSERT INTO "restaurants" ("name", "price", "cuisine", "location", "photo") VALUES ($1, $2, $3, $4, $5) RETURNING "id"[0m  [["name", "Hillside Hotel"], ["price", "Cheap"], ["cuisine", "Pub"], ["location", "Castle Hill"], ["photo", "fillmurray.com/300/300"]]
  ↳ db/seeds.rb:109
  [1m[35m (0.5ms)[0m  [1m[35mCOMMIT[0m
  ↳ db/seeds.rb:109
  [1m[35m (0.1ms)[0m  [1m[35mBEGIN[0m
  ↳ db/seeds.rb:111
  [1m[36mRestaurant Create (0.3ms)[0m  [1m[32mINSERT INTO "restaurants" ("name", "price", "cuisine", "location", "photo") VALUES ($1, $2, $3, $4, $5) RETURNING "id"[0m  [["name", "Fiddler"], ["price", "Medium"], ["cuisine", "Pub"], ["location", "Rouse Hill"], ["photo", "fillmurray.com/300/300"]]
  ↳ db/seeds.rb:111
  [1m[35m (0.4ms)[0m  [1m[35mCOMMIT[0m
  ↳ db/seeds.rb:111
  [1m[35m (0.1ms)[0m  [1m[35mBEGIN[0m
  ↳ db/seeds.rb:113
  [1m[36mRestaurant Create (0.3ms)[0m  [1m[32mINSERT INTO "restaurants" ("name", "price", "cuisine", "location", "photo") VALUES ($1, $2, $3, $4, $5) RETURNING "id"[0m  [["name", "Bella Vista Hotel"], ["price", "Medium"], ["cuisine", "Pub"], ["location", "Bella Vista"], ["photo", "fillmurray.com/300/300"]]
  ↳ db/seeds.rb:113
  [1m[35m (0.4ms)[0m  [1m[35mCOMMIT[0m
  ↳ db/seeds.rb:113
  [1m[35m (0.1ms)[0m  [1m[35mBEGIN[0m
  ↳ db/seeds.rb:115
  [1m[36mRestaurant Create (0.3ms)[0m  [1m[32mINSERT INTO "restaurants" ("name", "price", "cuisine", "location", "photo") VALUES ($1, $2, $3, $4, $5) RETURNING "id"[0m  [["name", "Frangos"], ["price", "Cheap"], ["cuisine", "Portugese"], ["location", "Bella Vista"], ["photo", "fillmurray.com/300/300"]]
  ↳ db/seeds.rb:115
  [1m[35m (0.4ms)[0m  [1m[35mCOMMIT[0m
  ↳ db/seeds.rb:115
  [1m[35m (0.1ms)[0m  [1m[35mBEGIN[0m
  ↳ db/seeds.rb:117
  [1m[36mRestaurant Create (0.3ms)[0m  [1m[32mINSERT INTO "restaurants" ("name", "price", "cuisine", "location", "photo") VALUES ($1, $2, $3, $4, $5) RETURNING "id"[0m  [["name", "Nandos"], ["price", "Cheap"], ["cuisine", "Portugese"], ["location", "Bella Vista"], ["photo", "fillmurray.com/300/300"]]
  ↳ db/seeds.rb:117
  [1m[35m (0.4ms)[0m  [1m[35mCOMMIT[0m
  ↳ db/seeds.rb:117
